[2024-04-11T17:17:05.697+0000] {local_task_job_runner.py:120} INFO - ::group::Pre task execution logs
[2024-04-11T17:17:05.880+0000] {taskinstance.py:2073} INFO - Dependencies all met for dep_context=non-requeueable deps ti=<TaskInstance: 22655381_DAG2.print_task_1 scheduled__2024-04-10T17:00:00+00:00 [queued]>
[2024-04-11T17:17:05.885+0000] {taskinstance.py:2073} INFO - Dependencies all met for dep_context=requeueable deps ti=<TaskInstance: 22655381_DAG2.print_task_1 scheduled__2024-04-10T17:00:00+00:00 [queued]>
[2024-04-11T17:17:05.885+0000] {taskinstance.py:2303} INFO - Starting attempt 1 of 2
[2024-04-11T17:17:05.890+0000] {taskinstance.py:2327} INFO - Executing <Task(PythonOperator): print_task_1> on 2024-04-10 17:00:00+00:00
[2024-04-11T17:17:05.897+0000] {logging_mixin.py:188} WARNING - /home/***/.local/lib/python3.12/site-packages/***/task/task_runner/standard_task_runner.py:61 DeprecationWarning: This process (pid=4338) is multi-threaded, use of fork() may lead to deadlocks in the child.
[2024-04-11T17:17:05.898+0000] {standard_task_runner.py:63} INFO - Started process 4340 to run task
[2024-04-11T17:17:05.899+0000] {standard_task_runner.py:90} INFO - Running: ['***', 'tasks', 'run', '22655381_DAG2', 'print_task_1', 'scheduled__2024-04-10T17:00:00+00:00', '--job-id', '107', '--raw', '--subdir', 'DAGS_FOLDER/dag_exercise.py', '--cfg-path', '/tmp/tmpe9usxbjx']
[2024-04-11T17:17:05.902+0000] {standard_task_runner.py:91} INFO - Job 107: Subtask print_task_1
[2024-04-11T17:17:05.948+0000] {task_command.py:426} INFO - Running <TaskInstance: 22655381_DAG2.print_task_1 scheduled__2024-04-10T17:00:00+00:00 [running]> on host 51938eebcb2b
[2024-04-11T17:17:06.000+0000] {taskinstance.py:2644} INFO - Exporting env vars: AIRFLOW_CTX_DAG_OWNER='Le Van Duy' AIRFLOW_CTX_DAG_ID='22655381_DAG2' AIRFLOW_CTX_TASK_ID='print_task_1' AIRFLOW_CTX_EXECUTION_DATE='2024-04-10T17:00:00+00:00' AIRFLOW_CTX_TRY_NUMBER='1' AIRFLOW_CTX_DAG_RUN_ID='scheduled__2024-04-10T17:00:00+00:00'
[2024-04-11T17:17:06.001+0000] {taskinstance.py:430} INFO - ::endgroup::
[2024-04-11T17:17:06.006+0000] {logging_mixin.py:188} INFO - Cong viec 1
[2024-04-11T17:17:06.007+0000] {python.py:237} INFO - Done. Returned value was: None
[2024-04-11T17:17:06.007+0000] {taskinstance.py:441} INFO - ::group::Post task execution logs
[2024-04-11T17:17:06.013+0000] {taskinstance.py:1205} INFO - Marking task as SUCCESS. dag_id=22655381_DAG2, task_id=print_task_1, execution_date=20240410T170000, start_date=20240411T171705, end_date=20240411T171706
[2024-04-11T17:17:06.045+0000] {local_task_job_runner.py:240} INFO - Task exited with return code 0
[2024-04-11T17:17:06.053+0000] {logging_mixin.py:188} WARNING - /home/***/.local/lib/python3.12/site-packages/***/models/baseoperator.py:1296 AirflowProviderDeprecationWarning: Call to deprecated class PostgresOperator. (Please use `***.providers.common.sql.operators.sql.SQLExecuteQueryOperator`.Also, you can provide `hook_params={'schema': <database>}`.)
[2024-04-11T17:17:06.061+0000] {taskinstance.py:3482} INFO - 1 downstream tasks scheduled from follow-on schedule check
[2024-04-11T17:17:06.061+0000] {local_task_job_runner.py:222} INFO - ::endgroup::
