[2024-04-11T17:50:52.616+0000] {local_task_job_runner.py:120} INFO - ::group::Pre task execution logs
[2024-04-11T17:50:52.663+0000] {taskinstance.py:2073} INFO - Dependencies all met for dep_context=non-requeueable deps ti=<TaskInstance: first_dag_v3.first_task scheduled__2024-01-05T00:00:00+00:00 [queued]>
[2024-04-11T17:50:52.692+0000] {taskinstance.py:2073} INFO - Dependencies all met for dep_context=requeueable deps ti=<TaskInstance: first_dag_v3.first_task scheduled__2024-01-05T00:00:00+00:00 [queued]>
[2024-04-11T17:50:52.702+0000] {taskinstance.py:2303} INFO - Starting attempt 1 of 6
[2024-04-11T17:50:52.760+0000] {taskinstance.py:2327} INFO - Executing <Task(BashOperator): first_task> on 2024-01-05 00:00:00+00:00
[2024-04-11T17:50:52.794+0000] {standard_task_runner.py:90} INFO - Running: ['***', 'tasks', 'run', 'first_dag_v3', 'first_task', 'scheduled__2024-01-05T00:00:00+00:00', '--job-id', '11', '--raw', '--subdir', 'DAGS_FOLDER/first_dag.py', '--cfg-path', '/tmp/tmphrlmk2p1']
[2024-04-11T17:50:52.801+0000] {standard_task_runner.py:91} INFO - Job 11: Subtask first_task
[2024-04-11T17:50:52.805+0000] {logging_mixin.py:188} WARNING - /home/***/.local/lib/python3.12/site-packages/***/task/task_runner/standard_task_runner.py:61 DeprecationWarning: This process (pid=264) is multi-threaded, use of fork() may lead to deadlocks in the child.
[2024-04-11T17:50:52.807+0000] {standard_task_runner.py:63} INFO - Started process 276 to run task
[2024-04-11T17:50:53.001+0000] {task_command.py:426} INFO - Running <TaskInstance: first_dag_v3.first_task scheduled__2024-01-05T00:00:00+00:00 [running]> on host caed5d205145
[2024-04-11T17:50:53.485+0000] {taskinstance.py:2644} INFO - Exporting env vars: AIRFLOW_CTX_DAG_OWNER='duy' AIRFLOW_CTX_DAG_ID='first_dag_v3' AIRFLOW_CTX_TASK_ID='first_task' AIRFLOW_CTX_EXECUTION_DATE='2024-01-05T00:00:00+00:00' AIRFLOW_CTX_TRY_NUMBER='1' AIRFLOW_CTX_DAG_RUN_ID='scheduled__2024-01-05T00:00:00+00:00'
[2024-04-11T17:50:53.488+0000] {taskinstance.py:430} INFO - ::endgroup::
[2024-04-11T17:50:53.582+0000] {subprocess.py:63} INFO - Tmp dir root location: /tmp
[2024-04-11T17:50:53.585+0000] {subprocess.py:75} INFO - Running command: ['/usr/bin/bash', '-c', 'echo "Hello everyone! This is my first DAG in Airflow"']
[2024-04-11T17:50:53.603+0000] {subprocess.py:86} INFO - Output:
[2024-04-11T17:50:53.605+0000] {subprocess.py:93} INFO - Hello everyone! This is my first DAG in Airflow
[2024-04-11T17:50:53.605+0000] {subprocess.py:97} INFO - Command exited with return code 0
[2024-04-11T17:50:53.607+0000] {taskinstance.py:441} INFO - ::group::Post task execution logs
[2024-04-11T17:50:53.715+0000] {taskinstance.py:1205} INFO - Marking task as SUCCESS. dag_id=first_dag_v3, task_id=first_task, execution_date=20240105T000000, start_date=20240411T175052, end_date=20240411T175053
[2024-04-11T17:50:53.782+0000] {local_task_job_runner.py:240} INFO - Task exited with return code 0
[2024-04-11T17:50:53.904+0000] {taskinstance.py:3482} INFO - 0 downstream tasks scheduled from follow-on schedule check
[2024-04-11T17:50:54.003+0000] {local_task_job_runner.py:222} INFO - ::endgroup::
