[2024-04-11T17:51:00.825+0000] {local_task_job_runner.py:120} INFO - ::group::Pre task execution logs
[2024-04-11T17:51:00.873+0000] {taskinstance.py:2073} INFO - Dependencies all met for dep_context=non-requeueable deps ti=<TaskInstance: first_dag_v3.third_task scheduled__2024-01-17T00:00:00+00:00 [queued]>
[2024-04-11T17:51:00.903+0000] {taskinstance.py:2073} INFO - Dependencies all met for dep_context=requeueable deps ti=<TaskInstance: first_dag_v3.third_task scheduled__2024-01-17T00:00:00+00:00 [queued]>
[2024-04-11T17:51:00.904+0000] {taskinstance.py:2303} INFO - Starting attempt 1 of 6
[2024-04-11T17:51:00.924+0000] {taskinstance.py:2327} INFO - Executing <Task(BashOperator): third_task> on 2024-01-17 00:00:00+00:00
[2024-04-11T17:51:00.942+0000] {logging_mixin.py:188} WARNING - /home/***/.local/lib/python3.12/site-packages/***/task/task_runner/standard_task_runner.py:61 DeprecationWarning: This process (pid=408) is multi-threaded, use of fork() may lead to deadlocks in the child.
[2024-04-11T17:51:00.943+0000] {standard_task_runner.py:63} INFO - Started process 423 to run task
[2024-04-11T17:51:00.941+0000] {standard_task_runner.py:90} INFO - Running: ['***', 'tasks', 'run', 'first_dag_v3', 'third_task', 'scheduled__2024-01-17T00:00:00+00:00', '--job-id', '61', '--raw', '--subdir', 'DAGS_FOLDER/first_dag.py', '--cfg-path', '/tmp/tmpkslwpk_a']
[2024-04-11T17:51:00.951+0000] {standard_task_runner.py:91} INFO - Job 61: Subtask third_task
[2024-04-11T17:51:01.213+0000] {task_command.py:426} INFO - Running <TaskInstance: first_dag_v3.third_task scheduled__2024-01-17T00:00:00+00:00 [running]> on host caed5d205145
[2024-04-11T17:51:01.387+0000] {taskinstance.py:2644} INFO - Exporting env vars: AIRFLOW_CTX_DAG_OWNER='duy' AIRFLOW_CTX_DAG_ID='first_dag_v3' AIRFLOW_CTX_TASK_ID='third_task' AIRFLOW_CTX_EXECUTION_DATE='2024-01-17T00:00:00+00:00' AIRFLOW_CTX_TRY_NUMBER='1' AIRFLOW_CTX_DAG_RUN_ID='scheduled__2024-01-17T00:00:00+00:00'
[2024-04-11T17:51:01.388+0000] {taskinstance.py:430} INFO - ::endgroup::
[2024-04-11T17:51:01.421+0000] {subprocess.py:63} INFO - Tmp dir root location: /tmp
[2024-04-11T17:51:01.426+0000] {subprocess.py:75} INFO - Running command: ['/usr/bin/bash', '-c', 'echo "This seems like my task 2 is working fine"']
[2024-04-11T17:51:01.468+0000] {subprocess.py:86} INFO - Output:
[2024-04-11T17:51:01.472+0000] {subprocess.py:93} INFO - This seems like my task 2 is working fine
[2024-04-11T17:51:01.474+0000] {subprocess.py:97} INFO - Command exited with return code 0
[2024-04-11T17:51:01.476+0000] {taskinstance.py:441} INFO - ::group::Post task execution logs
[2024-04-11T17:51:01.586+0000] {taskinstance.py:1205} INFO - Marking task as SUCCESS. dag_id=first_dag_v3, task_id=third_task, execution_date=20240117T000000, start_date=20240411T175100, end_date=20240411T175101
[2024-04-11T17:51:01.630+0000] {local_task_job_runner.py:240} INFO - Task exited with return code 0
[2024-04-11T17:51:01.723+0000] {taskinstance.py:3482} INFO - 0 downstream tasks scheduled from follow-on schedule check
[2024-04-11T17:51:01.728+0000] {local_task_job_runner.py:222} INFO - ::endgroup::
