[2024-04-11T15:44:09.085+0000] {local_task_job_runner.py:120} INFO - ::group::Pre task execution logs
[2024-04-11T15:44:09.094+0000] {taskinstance.py:2073} INFO - Dependencies all met for dep_context=non-requeueable deps ti=<TaskInstance: dag_with_gg_bigquery_v06.query_and_store_result scheduled__2024-04-09T17:00:00+00:00 [queued]>
[2024-04-11T15:44:09.097+0000] {taskinstance.py:2073} INFO - Dependencies all met for dep_context=requeueable deps ti=<TaskInstance: dag_with_gg_bigquery_v06.query_and_store_result scheduled__2024-04-09T17:00:00+00:00 [queued]>
[2024-04-11T15:44:09.097+0000] {taskinstance.py:2303} INFO - Starting attempt 3 of 4
[2024-04-11T15:44:09.102+0000] {taskinstance.py:2327} INFO - Executing <Task(BigQueryExecuteQueryOperator): query_and_store_result> on 2024-04-09 17:00:00+00:00
[2024-04-11T15:44:09.111+0000] {logging_mixin.py:188} WARNING - /home/***/.local/lib/python3.12/site-packages/***/task/task_runner/standard_task_runner.py:61 DeprecationWarning: This process (pid=7203) is multi-threaded, use of fork() may lead to deadlocks in the child.
[2024-04-11T15:44:09.112+0000] {standard_task_runner.py:63} INFO - Started process 7205 to run task
[2024-04-11T15:44:09.111+0000] {standard_task_runner.py:90} INFO - Running: ['***', 'tasks', 'run', 'dag_with_gg_bigquery_v06', 'query_and_store_result', 'scheduled__2024-04-09T17:00:00+00:00', '--job-id', '67', '--raw', '--subdir', 'DAGS_FOLDER/dag_with_gg_bigquery.py', '--cfg-path', '/tmp/tmp3pwvqv4q']
[2024-04-11T15:44:09.113+0000] {standard_task_runner.py:91} INFO - Job 67: Subtask query_and_store_result
[2024-04-11T15:44:09.140+0000] {task_command.py:426} INFO - Running <TaskInstance: dag_with_gg_bigquery_v06.query_and_store_result scheduled__2024-04-09T17:00:00+00:00 [running]> on host a4f2bd86ee13
[2024-04-11T15:44:09.188+0000] {taskinstance.py:2644} INFO - Exporting env vars: AIRFLOW_CTX_DAG_OWNER='duy' AIRFLOW_CTX_DAG_ID='dag_with_gg_bigquery_v06' AIRFLOW_CTX_TASK_ID='query_and_store_result' AIRFLOW_CTX_EXECUTION_DATE='2024-04-09T17:00:00+00:00' AIRFLOW_CTX_TRY_NUMBER='3' AIRFLOW_CTX_DAG_RUN_ID='scheduled__2024-04-09T17:00:00+00:00'
[2024-04-11T15:44:09.189+0000] {taskinstance.py:430} INFO - ::endgroup::
[2024-04-11T15:44:09.194+0000] {bigquery.py:1246} INFO - Executing: 
            CREATE OR REPLACE TABLE `retail.query_result` AS
            SELECT * FROM `retail.online_retail` LIMIT 1000
        
[2024-04-11T15:44:09.200+0000] {connection.py:274} WARNING - Connection schemes (type: google_cloud_platform) shall not contain '_' according to RFC3986.
[2024-04-11T15:44:09.201+0000] {base.py:84} INFO - Using connection ID 'gcp' for task execution.
[2024-04-11T15:44:09.202+0000] {logging_mixin.py:188} WARNING - /home/***/.local/lib/python3.12/site-packages/***/providers/google/cloud/operators/bigquery.py:1254 AirflowProviderDeprecationWarning: Call to deprecated method run_query. (Please use `***.providers.google.cloud.hooks.bigquery.BigQueryHook.insert_job`)
[2024-04-11T15:44:09.244+0000] {bigquery.py:1613} INFO - Inserting job ***_1712850249243383_62e120a0a1049edf57e54f9dbadaaa9d
[2024-04-11T15:44:13.000+0000] {taskinstance.py:441} INFO - ::group::Post task execution logs
[2024-04-11T15:44:13.019+0000] {taskinstance.py:1205} INFO - Marking task as SUCCESS. dag_id=dag_with_gg_bigquery_v06, task_id=query_and_store_result, execution_date=20240409T170000, start_date=20240411T154409, end_date=20240411T154413
[2024-04-11T15:44:13.050+0000] {local_task_job_runner.py:240} INFO - Task exited with return code 0
[2024-04-11T15:44:13.062+0000] {logging_mixin.py:188} WARNING - /home/***/.local/lib/python3.12/site-packages/***/models/baseoperator.py:1296 AirflowProviderDeprecationWarning: Call to deprecated class BigQueryExecuteQueryOperator. (This operator is deprecated. Please use `BigQueryInsertJobOperator`.)
[2024-04-11T15:44:13.070+0000] {taskinstance.py:3482} INFO - 1 downstream tasks scheduled from follow-on schedule check
[2024-04-11T15:44:13.072+0000] {local_task_job_runner.py:222} INFO - ::endgroup::
