[2024-04-11T17:26:07.222+0000] {local_task_job_runner.py:120} INFO - ::group::Pre task execution logs
[2024-04-11T17:26:07.374+0000] {taskinstance.py:2073} INFO - Dependencies all met for dep_context=non-requeueable deps ti=<TaskInstance: 22655381_DAG2.create_table scheduled__2024-04-11T17:25:00+00:00 [queued]>
[2024-04-11T17:26:07.378+0000] {taskinstance.py:2073} INFO - Dependencies all met for dep_context=requeueable deps ti=<TaskInstance: 22655381_DAG2.create_table scheduled__2024-04-11T17:25:00+00:00 [queued]>
[2024-04-11T17:26:07.378+0000] {taskinstance.py:2303} INFO - Starting attempt 1 of 2
[2024-04-11T17:26:07.383+0000] {taskinstance.py:2327} INFO - Executing <Task(PostgresOperator): create_table> on 2024-04-11 17:25:00+00:00
[2024-04-11T17:26:07.396+0000] {logging_mixin.py:188} WARNING - /home/***/.local/lib/python3.12/site-packages/***/task/task_runner/standard_task_runner.py:61 DeprecationWarning: This process (pid=5076) is multi-threaded, use of fork() may lead to deadlocks in the child.
[2024-04-11T17:26:07.399+0000] {standard_task_runner.py:63} INFO - Started process 5078 to run task
[2024-04-11T17:26:07.397+0000] {standard_task_runner.py:90} INFO - Running: ['***', 'tasks', 'run', '22655381_DAG2', 'create_table', 'scheduled__2024-04-11T17:25:00+00:00', '--job-id', '125', '--raw', '--subdir', 'DAGS_FOLDER/dag_exercise.py', '--cfg-path', '/tmp/tmp461dfhks']
[2024-04-11T17:26:07.400+0000] {standard_task_runner.py:91} INFO - Job 125: Subtask create_table
[2024-04-11T17:26:07.441+0000] {task_command.py:426} INFO - Running <TaskInstance: 22655381_DAG2.create_table scheduled__2024-04-11T17:25:00+00:00 [running]> on host 51938eebcb2b
[2024-04-11T17:26:07.493+0000] {taskinstance.py:2644} INFO - Exporting env vars: AIRFLOW_CTX_DAG_OWNER='Le Van Duy' AIRFLOW_CTX_DAG_ID='22655381_DAG2' AIRFLOW_CTX_TASK_ID='create_table' AIRFLOW_CTX_EXECUTION_DATE='2024-04-11T17:25:00+00:00' AIRFLOW_CTX_TRY_NUMBER='1' AIRFLOW_CTX_DAG_RUN_ID='scheduled__2024-04-11T17:25:00+00:00'
[2024-04-11T17:26:07.494+0000] {taskinstance.py:430} INFO - ::endgroup::
[2024-04-11T17:26:07.500+0000] {sql.py:276} INFO - Executing: CREATE TABLE IF NOT EXISTS online_retail (
            InvoiceNo VARCHAR(10),
            StockCode VARCHAR(50),
            Description TEXT,
            Quantity INT,
            InvoiceDate TIMESTAMP,
            UnitPrice FLOAT,
            CustomerID INT,
            Country VARCHAR(50)
        )
[2024-04-11T17:26:07.507+0000] {base.py:84} INFO - Using connection ID 'postgres_localhost' for task execution.
[2024-04-11T17:26:07.513+0000] {base.py:84} INFO - Using connection ID 'postgres_localhost' for task execution.
[2024-04-11T17:26:07.518+0000] {sql.py:457} INFO - Running statement: CREATE TABLE IF NOT EXISTS online_retail (
            InvoiceNo VARCHAR(10),
            StockCode VARCHAR(50),
            Description TEXT,
            Quantity INT,
            InvoiceDate TIMESTAMP,
            UnitPrice FLOAT,
            CustomerID INT,
            Country VARCHAR(50)
        ), parameters: None
[2024-04-11T17:26:07.520+0000] {logging_mixin.py:188} WARNING - /home/***/.local/lib/python3.12/site-packages/***/providers/common/sql/hooks/sql.py:407 AirflowProviderDeprecationWarning: Call to deprecated method _make_common_data_structure. (The `_make_serializable` method is deprecated and support will be removed in a future version of the common.sql provider. Please update the DbApiHook's provider to a version based on common.sql >= 1.9.1.)
[2024-04-11T17:26:07.521+0000] {taskinstance.py:441} INFO - ::group::Post task execution logs
[2024-04-11T17:26:07.526+0000] {taskinstance.py:1205} INFO - Marking task as SUCCESS. dag_id=22655381_DAG2, task_id=create_table, execution_date=20240411T172500, start_date=20240411T172607, end_date=20240411T172607
[2024-04-11T17:26:07.554+0000] {local_task_job_runner.py:240} INFO - Task exited with return code 0
[2024-04-11T17:26:07.564+0000] {logging_mixin.py:188} WARNING - /home/***/.local/lib/python3.12/site-packages/***/models/baseoperator.py:1296 AirflowProviderDeprecationWarning: Call to deprecated class PostgresOperator. (Please use `***.providers.common.sql.operators.sql.SQLExecuteQueryOperator`.Also, you can provide `hook_params={'schema': <database>}`.)
[2024-04-11T17:26:07.592+0000] {taskinstance.py:3482} INFO - 1 downstream tasks scheduled from follow-on schedule check
[2024-04-11T17:26:07.594+0000] {local_task_job_runner.py:222} INFO - ::endgroup::
