[2024-04-11T15:53:33.888+0000] {local_task_job_runner.py:120} INFO - ::group::Pre task execution logs
[2024-04-11T15:53:33.898+0000] {taskinstance.py:2073} INFO - Dependencies all met for dep_context=non-requeueable deps ti=<TaskInstance: dag_with_gg_bigquery_v07.query_and_store_result scheduled__2024-04-09T17:00:00+00:00 [queued]>
[2024-04-11T15:53:33.901+0000] {taskinstance.py:2073} INFO - Dependencies all met for dep_context=requeueable deps ti=<TaskInstance: dag_with_gg_bigquery_v07.query_and_store_result scheduled__2024-04-09T17:00:00+00:00 [queued]>
[2024-04-11T15:53:33.902+0000] {taskinstance.py:2303} INFO - Starting attempt 1 of 2
[2024-04-11T15:53:33.907+0000] {taskinstance.py:2327} INFO - Executing <Task(BigQueryExecuteQueryOperator): query_and_store_result> on 2024-04-09 17:00:00+00:00
[2024-04-11T15:53:33.914+0000] {logging_mixin.py:188} WARNING - /home/***/.local/lib/python3.12/site-packages/***/task/task_runner/standard_task_runner.py:61 DeprecationWarning: This process (pid=7807) is multi-threaded, use of fork() may lead to deadlocks in the child.
[2024-04-11T15:53:33.915+0000] {standard_task_runner.py:63} INFO - Started process 7809 to run task
[2024-04-11T15:53:33.915+0000] {standard_task_runner.py:90} INFO - Running: ['***', 'tasks', 'run', 'dag_with_gg_bigquery_v07', 'query_and_store_result', 'scheduled__2024-04-09T17:00:00+00:00', '--job-id', '77', '--raw', '--subdir', 'DAGS_FOLDER/dag_with_gg_bigquery.py', '--cfg-path', '/tmp/tmpu6i8g73e']
[2024-04-11T15:53:33.917+0000] {standard_task_runner.py:91} INFO - Job 77: Subtask query_and_store_result
[2024-04-11T15:53:33.950+0000] {task_command.py:426} INFO - Running <TaskInstance: dag_with_gg_bigquery_v07.query_and_store_result scheduled__2024-04-09T17:00:00+00:00 [running]> on host a4f2bd86ee13
[2024-04-11T15:53:33.997+0000] {taskinstance.py:2644} INFO - Exporting env vars: AIRFLOW_CTX_DAG_OWNER='duy' AIRFLOW_CTX_DAG_ID='dag_with_gg_bigquery_v07' AIRFLOW_CTX_TASK_ID='query_and_store_result' AIRFLOW_CTX_EXECUTION_DATE='2024-04-09T17:00:00+00:00' AIRFLOW_CTX_TRY_NUMBER='1' AIRFLOW_CTX_DAG_RUN_ID='scheduled__2024-04-09T17:00:00+00:00'
[2024-04-11T15:53:33.998+0000] {taskinstance.py:430} INFO - ::endgroup::
[2024-04-11T15:53:34.008+0000] {bigquery.py:1246} INFO - Executing: 
            CREATE OR REPLACE TABLE `retail.query_result` AS
            SELECT * FROM `retail.online_retail` LIMIT 1000
        
[2024-04-11T15:53:34.014+0000] {connection.py:274} WARNING - Connection schemes (type: google_cloud_platform) shall not contain '_' according to RFC3986.
[2024-04-11T15:53:34.014+0000] {base.py:84} INFO - Using connection ID 'gcp' for task execution.
[2024-04-11T15:53:34.016+0000] {logging_mixin.py:188} WARNING - /home/***/.local/lib/python3.12/site-packages/***/providers/google/cloud/operators/bigquery.py:1254 AirflowProviderDeprecationWarning: Call to deprecated method run_query. (Please use `***.providers.google.cloud.hooks.bigquery.BigQueryHook.insert_job`)
[2024-04-11T15:53:34.057+0000] {bigquery.py:1613} INFO - Inserting job ***_1712850814056818_62e120a0a1049edf57e54f9dbadaaa9d
[2024-04-11T15:53:37.478+0000] {taskinstance.py:441} INFO - ::group::Post task execution logs
[2024-04-11T15:53:37.503+0000] {taskinstance.py:1205} INFO - Marking task as SUCCESS. dag_id=dag_with_gg_bigquery_v07, task_id=query_and_store_result, execution_date=20240409T170000, start_date=20240411T155333, end_date=20240411T155337
[2024-04-11T15:53:37.561+0000] {local_task_job_runner.py:240} INFO - Task exited with return code 0
[2024-04-11T15:53:37.581+0000] {logging_mixin.py:188} WARNING - /home/***/.local/lib/python3.12/site-packages/***/models/baseoperator.py:1296 AirflowProviderDeprecationWarning: Call to deprecated class BigQueryExecuteQueryOperator. (This operator is deprecated. Please use `BigQueryInsertJobOperator`.)
[2024-04-11T15:53:37.594+0000] {taskinstance.py:3482} INFO - 1 downstream tasks scheduled from follow-on schedule check
[2024-04-11T15:53:37.598+0000] {local_task_job_runner.py:222} INFO - ::endgroup::
