[2024-04-11T14:21:28.731+0000] {local_task_job_runner.py:120} INFO - ::group::Pre task execution logs
[2024-04-11T14:21:28.742+0000] {taskinstance.py:2073} INFO - Dependencies all met for dep_context=non-requeueable deps ti=<TaskInstance: dag_with_gg_bigquery_v02.upload_csv_to_gcs scheduled__2024-04-09T17:00:00+00:00 [queued]>
[2024-04-11T14:21:28.746+0000] {taskinstance.py:2073} INFO - Dependencies all met for dep_context=requeueable deps ti=<TaskInstance: dag_with_gg_bigquery_v02.upload_csv_to_gcs scheduled__2024-04-09T17:00:00+00:00 [queued]>
[2024-04-11T14:21:28.747+0000] {taskinstance.py:2303} INFO - Starting attempt 1 of 2
[2024-04-11T14:21:28.752+0000] {taskinstance.py:2327} INFO - Executing <Task(LocalFilesystemToGCSOperator): upload_csv_to_gcs> on 2024-04-09 17:00:00+00:00
[2024-04-11T14:21:28.773+0000] {logging_mixin.py:188} WARNING - /home/***/.local/lib/python3.12/site-packages/***/task/task_runner/standard_task_runner.py:61 DeprecationWarning: This process (pid=1765) is multi-threaded, use of fork() may lead to deadlocks in the child.
[2024-04-11T14:21:28.771+0000] {standard_task_runner.py:90} INFO - Running: ['***', 'tasks', 'run', 'dag_with_gg_bigquery_v02', 'upload_csv_to_gcs', 'scheduled__2024-04-09T17:00:00+00:00', '--job-id', '10', '--raw', '--subdir', 'DAGS_FOLDER/dag_with_gg_bigquery.py', '--cfg-path', '/tmp/tmpnlvx42p1']
[2024-04-11T14:21:28.774+0000] {standard_task_runner.py:63} INFO - Started process 1767 to run task
[2024-04-11T14:21:28.774+0000] {standard_task_runner.py:91} INFO - Job 10: Subtask upload_csv_to_gcs
[2024-04-11T14:21:28.818+0000] {task_command.py:426} INFO - Running <TaskInstance: dag_with_gg_bigquery_v02.upload_csv_to_gcs scheduled__2024-04-09T17:00:00+00:00 [running]> on host a4f2bd86ee13
[2024-04-11T14:21:28.905+0000] {taskinstance.py:2644} INFO - Exporting env vars: AIRFLOW_CTX_DAG_OWNER='duy' AIRFLOW_CTX_DAG_ID='dag_with_gg_bigquery_v02' AIRFLOW_CTX_TASK_ID='upload_csv_to_gcs' AIRFLOW_CTX_EXECUTION_DATE='2024-04-09T17:00:00+00:00' AIRFLOW_CTX_TRY_NUMBER='1' AIRFLOW_CTX_DAG_RUN_ID='scheduled__2024-04-09T17:00:00+00:00'
[2024-04-11T14:21:28.907+0000] {taskinstance.py:430} INFO - ::endgroup::
[2024-04-11T14:21:28.917+0000] {connection.py:274} WARNING - Connection schemes (type: google_cloud_platform) shall not contain '_' according to RFC3986.
[2024-04-11T14:21:28.918+0000] {base.py:84} INFO - Using connection ID 'gcp' for task execution.
[2024-04-11T14:21:32.481+0000] {gcs.py:557} INFO - File /opt/***/include/dataset/online_retail.csv uploaded to raw/online_retail.csv in ***_online_retail_lab7 bucket
[2024-04-11T14:21:32.489+0000] {taskinstance.py:441} INFO - ::group::Post task execution logs
[2024-04-11T14:21:32.556+0000] {taskinstance.py:1205} INFO - Marking task as SUCCESS. dag_id=dag_with_gg_bigquery_v02, task_id=upload_csv_to_gcs, execution_date=20240409T170000, start_date=20240411T142128, end_date=20240411T142132
[2024-04-11T14:21:32.596+0000] {local_task_job_runner.py:240} INFO - Task exited with return code 0
[2024-04-11T14:21:32.629+0000] {taskinstance.py:3482} INFO - 1 downstream tasks scheduled from follow-on schedule check
[2024-04-11T14:21:32.630+0000] {local_task_job_runner.py:222} INFO - ::endgroup::
