[2024-04-11T15:44:06.194+0000] {local_task_job_runner.py:120} INFO - ::group::Pre task execution logs
[2024-04-11T15:44:06.202+0000] {taskinstance.py:2073} INFO - Dependencies all met for dep_context=non-requeueable deps ti=<TaskInstance: dag_with_gg_bigquery_v06.first_query scheduled__2024-04-09T17:00:00+00:00 [queued]>
[2024-04-11T15:44:06.205+0000] {taskinstance.py:2073} INFO - Dependencies all met for dep_context=requeueable deps ti=<TaskInstance: dag_with_gg_bigquery_v06.first_query scheduled__2024-04-09T17:00:00+00:00 [queued]>
[2024-04-11T15:44:06.205+0000] {taskinstance.py:2303} INFO - Starting attempt 3 of 4
[2024-04-11T15:44:06.210+0000] {taskinstance.py:2327} INFO - Executing <Task(BigQueryExecuteQueryOperator): first_query> on 2024-04-09 17:00:00+00:00
[2024-04-11T15:44:06.215+0000] {logging_mixin.py:188} WARNING - /home/***/.local/lib/python3.12/site-packages/***/task/task_runner/standard_task_runner.py:61 DeprecationWarning: This process (pid=7200) is multi-threaded, use of fork() may lead to deadlocks in the child.
[2024-04-11T15:44:06.216+0000] {standard_task_runner.py:63} INFO - Started process 7202 to run task
[2024-04-11T15:44:06.215+0000] {standard_task_runner.py:90} INFO - Running: ['***', 'tasks', 'run', 'dag_with_gg_bigquery_v06', 'first_query', 'scheduled__2024-04-09T17:00:00+00:00', '--job-id', '66', '--raw', '--subdir', 'DAGS_FOLDER/dag_with_gg_bigquery.py', '--cfg-path', '/tmp/tmp8upqzoud']
[2024-04-11T15:44:06.217+0000] {standard_task_runner.py:91} INFO - Job 66: Subtask first_query
[2024-04-11T15:44:06.243+0000] {task_command.py:426} INFO - Running <TaskInstance: dag_with_gg_bigquery_v06.first_query scheduled__2024-04-09T17:00:00+00:00 [running]> on host a4f2bd86ee13
[2024-04-11T15:44:06.282+0000] {taskinstance.py:2644} INFO - Exporting env vars: AIRFLOW_CTX_DAG_OWNER='duy' AIRFLOW_CTX_DAG_ID='dag_with_gg_bigquery_v06' AIRFLOW_CTX_TASK_ID='first_query' AIRFLOW_CTX_EXECUTION_DATE='2024-04-09T17:00:00+00:00' AIRFLOW_CTX_TRY_NUMBER='3' AIRFLOW_CTX_DAG_RUN_ID='scheduled__2024-04-09T17:00:00+00:00'
[2024-04-11T15:44:06.283+0000] {taskinstance.py:430} INFO - ::endgroup::
[2024-04-11T15:44:06.291+0000] {bigquery.py:1246} INFO - Executing: 
            SELECT * FROM `retail.online_retail` LIMIT 1000
        
[2024-04-11T15:44:06.298+0000] {connection.py:274} WARNING - Connection schemes (type: google_cloud_platform) shall not contain '_' according to RFC3986.
[2024-04-11T15:44:06.298+0000] {base.py:84} INFO - Using connection ID 'gcp' for task execution.
[2024-04-11T15:44:06.300+0000] {logging_mixin.py:188} WARNING - /home/***/.local/lib/python3.12/site-packages/***/providers/google/cloud/operators/bigquery.py:1254 AirflowProviderDeprecationWarning: Call to deprecated method run_query. (Please use `***.providers.google.cloud.hooks.bigquery.BigQueryHook.insert_job`)
[2024-04-11T15:44:06.342+0000] {bigquery.py:1613} INFO - Inserting job ***_1712850246341875_8271657c729d5e29c564574e2ffb26b3
[2024-04-11T15:44:08.270+0000] {taskinstance.py:441} INFO - ::group::Post task execution logs
[2024-04-11T15:44:08.313+0000] {taskinstance.py:1205} INFO - Marking task as SUCCESS. dag_id=dag_with_gg_bigquery_v06, task_id=first_query, execution_date=20240409T170000, start_date=20240411T154406, end_date=20240411T154408
[2024-04-11T15:44:08.361+0000] {local_task_job_runner.py:240} INFO - Task exited with return code 0
[2024-04-11T15:44:08.377+0000] {logging_mixin.py:188} WARNING - /home/***/.local/lib/python3.12/site-packages/***/models/baseoperator.py:1296 AirflowProviderDeprecationWarning: Call to deprecated class BigQueryExecuteQueryOperator. (This operator is deprecated. Please use `BigQueryInsertJobOperator`.)
[2024-04-11T15:44:08.388+0000] {taskinstance.py:3482} INFO - 1 downstream tasks scheduled from follow-on schedule check
[2024-04-11T15:44:08.390+0000] {local_task_job_runner.py:222} INFO - ::endgroup::
