[2024-04-11T15:40:29.997+0000] {local_task_job_runner.py:120} INFO - ::group::Pre task execution logs
[2024-04-11T15:40:30.006+0000] {taskinstance.py:2073} INFO - Dependencies all met for dep_context=non-requeueable deps ti=<TaskInstance: dag_with_gg_bigquery_v06.first_query scheduled__2024-04-09T17:00:00+00:00 [queued]>
[2024-04-11T15:40:30.010+0000] {taskinstance.py:2073} INFO - Dependencies all met for dep_context=requeueable deps ti=<TaskInstance: dag_with_gg_bigquery_v06.first_query scheduled__2024-04-09T17:00:00+00:00 [queued]>
[2024-04-11T15:40:30.010+0000] {taskinstance.py:2303} INFO - Starting attempt 2 of 3
[2024-04-11T15:40:30.015+0000] {taskinstance.py:2327} INFO - Executing <Task(BigQueryExecuteQueryOperator): first_query> on 2024-04-09 17:00:00+00:00
[2024-04-11T15:40:30.024+0000] {logging_mixin.py:188} WARNING - /home/***/.local/lib/python3.12/site-packages/***/task/task_runner/standard_task_runner.py:61 DeprecationWarning: This process (pid=6963) is multi-threaded, use of fork() may lead to deadlocks in the child.
[2024-04-11T15:40:30.025+0000] {standard_task_runner.py:63} INFO - Started process 6965 to run task
[2024-04-11T15:40:30.024+0000] {standard_task_runner.py:90} INFO - Running: ['***', 'tasks', 'run', 'dag_with_gg_bigquery_v06', 'first_query', 'scheduled__2024-04-09T17:00:00+00:00', '--job-id', '60', '--raw', '--subdir', 'DAGS_FOLDER/dag_with_gg_bigquery.py', '--cfg-path', '/tmp/tmprpqoc1dp']
[2024-04-11T15:40:30.026+0000] {standard_task_runner.py:91} INFO - Job 60: Subtask first_query
[2024-04-11T15:40:30.053+0000] {task_command.py:426} INFO - Running <TaskInstance: dag_with_gg_bigquery_v06.first_query scheduled__2024-04-09T17:00:00+00:00 [running]> on host a4f2bd86ee13
[2024-04-11T15:40:30.090+0000] {taskinstance.py:2644} INFO - Exporting env vars: AIRFLOW_CTX_DAG_OWNER='duy' AIRFLOW_CTX_DAG_ID='dag_with_gg_bigquery_v06' AIRFLOW_CTX_TASK_ID='first_query' AIRFLOW_CTX_EXECUTION_DATE='2024-04-09T17:00:00+00:00' AIRFLOW_CTX_TRY_NUMBER='2' AIRFLOW_CTX_DAG_RUN_ID='scheduled__2024-04-09T17:00:00+00:00'
[2024-04-11T15:40:30.091+0000] {taskinstance.py:430} INFO - ::endgroup::
[2024-04-11T15:40:30.097+0000] {bigquery.py:1246} INFO - Executing: 
            SELECT * FROM `retail.online_retail` LIMIT 1000
        
[2024-04-11T15:40:30.104+0000] {connection.py:274} WARNING - Connection schemes (type: google_cloud_platform) shall not contain '_' according to RFC3986.
[2024-04-11T15:40:30.105+0000] {base.py:84} INFO - Using connection ID 'gcp' for task execution.
[2024-04-11T15:40:30.106+0000] {logging_mixin.py:188} WARNING - /home/***/.local/lib/python3.12/site-packages/***/providers/google/cloud/operators/bigquery.py:1254 AirflowProviderDeprecationWarning: Call to deprecated method run_query. (Please use `***.providers.google.cloud.hooks.bigquery.BigQueryHook.insert_job`)
[2024-04-11T15:40:30.149+0000] {bigquery.py:1613} INFO - Inserting job ***_1712850030149060_8271657c729d5e29c564574e2ffb26b3
[2024-04-11T15:40:31.949+0000] {taskinstance.py:441} INFO - ::group::Post task execution logs
[2024-04-11T15:40:31.973+0000] {taskinstance.py:1205} INFO - Marking task as SUCCESS. dag_id=dag_with_gg_bigquery_v06, task_id=first_query, execution_date=20240409T170000, start_date=20240411T154030, end_date=20240411T154031
[2024-04-11T15:40:31.995+0000] {local_task_job_runner.py:240} INFO - Task exited with return code 0
[2024-04-11T15:40:32.004+0000] {logging_mixin.py:188} WARNING - /home/***/.local/lib/python3.12/site-packages/***/models/baseoperator.py:1296 AirflowProviderDeprecationWarning: Call to deprecated class BigQueryExecuteQueryOperator. (This operator is deprecated. Please use `BigQueryInsertJobOperator`.)
[2024-04-11T15:40:32.015+0000] {taskinstance.py:3482} INFO - 1 downstream tasks scheduled from follow-on schedule check
[2024-04-11T15:40:32.016+0000] {local_task_job_runner.py:222} INFO - ::endgroup::
