[2024-04-11T15:04:33.487+0000] {local_task_job_runner.py:120} INFO - ::group::Pre task execution logs
[2024-04-11T15:04:33.500+0000] {taskinstance.py:2073} INFO - Dependencies all met for dep_context=non-requeueable deps ti=<TaskInstance: dag_with_gg_bigquery_v04.upload_csv_to_gcs scheduled__2024-04-09T17:00:00+00:00 [queued]>
[2024-04-11T15:04:33.505+0000] {taskinstance.py:2073} INFO - Dependencies all met for dep_context=requeueable deps ti=<TaskInstance: dag_with_gg_bigquery_v04.upload_csv_to_gcs scheduled__2024-04-09T17:00:00+00:00 [queued]>
[2024-04-11T15:04:33.506+0000] {taskinstance.py:2303} INFO - Starting attempt 2 of 3
[2024-04-11T15:04:33.513+0000] {taskinstance.py:2327} INFO - Executing <Task(LocalFilesystemToGCSOperator): upload_csv_to_gcs> on 2024-04-09 17:00:00+00:00
[2024-04-11T15:04:33.539+0000] {logging_mixin.py:188} WARNING - /home/***/.local/lib/python3.12/site-packages/***/task/task_runner/standard_task_runner.py:61 DeprecationWarning: This process (pid=4504) is multi-threaded, use of fork() may lead to deadlocks in the child.
[2024-04-11T15:04:33.540+0000] {standard_task_runner.py:63} INFO - Started process 4506 to run task
[2024-04-11T15:04:33.542+0000] {standard_task_runner.py:90} INFO - Running: ['***', 'tasks', 'run', 'dag_with_gg_bigquery_v04', 'upload_csv_to_gcs', 'scheduled__2024-04-09T17:00:00+00:00', '--job-id', '20', '--raw', '--subdir', 'DAGS_FOLDER/dag_with_gg_bigquery.py', '--cfg-path', '/tmp/tmpyxc8ctp4']
[2024-04-11T15:04:33.547+0000] {standard_task_runner.py:91} INFO - Job 20: Subtask upload_csv_to_gcs
[2024-04-11T15:04:33.642+0000] {task_command.py:426} INFO - Running <TaskInstance: dag_with_gg_bigquery_v04.upload_csv_to_gcs scheduled__2024-04-09T17:00:00+00:00 [running]> on host a4f2bd86ee13
[2024-04-11T15:04:33.742+0000] {taskinstance.py:2644} INFO - Exporting env vars: AIRFLOW_CTX_DAG_OWNER='duy' AIRFLOW_CTX_DAG_ID='dag_with_gg_bigquery_v04' AIRFLOW_CTX_TASK_ID='upload_csv_to_gcs' AIRFLOW_CTX_EXECUTION_DATE='2024-04-09T17:00:00+00:00' AIRFLOW_CTX_TRY_NUMBER='2' AIRFLOW_CTX_DAG_RUN_ID='scheduled__2024-04-09T17:00:00+00:00'
[2024-04-11T15:04:33.743+0000] {taskinstance.py:430} INFO - ::endgroup::
[2024-04-11T15:04:33.772+0000] {connection.py:274} WARNING - Connection schemes (type: google_cloud_platform) shall not contain '_' according to RFC3986.
[2024-04-11T15:04:33.775+0000] {base.py:84} INFO - Using connection ID 'gcp' for task execution.
[2024-04-11T15:04:37.662+0000] {gcs.py:557} INFO - File /opt/***/include/dataset/online_retail.csv uploaded to raw/online_retail.csv in ***_online_retail_lab7 bucket
[2024-04-11T15:04:37.682+0000] {taskinstance.py:441} INFO - ::group::Post task execution logs
[2024-04-11T15:04:37.756+0000] {taskinstance.py:1205} INFO - Marking task as SUCCESS. dag_id=dag_with_gg_bigquery_v04, task_id=upload_csv_to_gcs, execution_date=20240409T170000, start_date=20240411T150433, end_date=20240411T150437
[2024-04-11T15:04:37.804+0000] {local_task_job_runner.py:240} INFO - Task exited with return code 0
[2024-04-11T15:04:37.847+0000] {taskinstance.py:3482} INFO - 1 downstream tasks scheduled from follow-on schedule check
[2024-04-11T15:04:37.848+0000] {local_task_job_runner.py:222} INFO - ::endgroup::
