[2024-04-11T14:18:18.527+0000] {local_task_job_runner.py:120} INFO - ::group::Pre task execution logs
[2024-04-11T14:18:18.541+0000] {taskinstance.py:2073} INFO - Dependencies all met for dep_context=non-requeueable deps ti=<TaskInstance: dag_with_gg_bigquery_v01.upload_csv_to_gcs scheduled__2024-04-09T17:00:00+00:00 [queued]>
[2024-04-11T14:18:18.545+0000] {taskinstance.py:2073} INFO - Dependencies all met for dep_context=requeueable deps ti=<TaskInstance: dag_with_gg_bigquery_v01.upload_csv_to_gcs scheduled__2024-04-09T17:00:00+00:00 [queued]>
[2024-04-11T14:18:18.545+0000] {taskinstance.py:2303} INFO - Starting attempt 1 of 2
[2024-04-11T14:18:18.551+0000] {taskinstance.py:2327} INFO - Executing <Task(LocalFilesystemToGCSOperator): upload_csv_to_gcs> on 2024-04-09 17:00:00+00:00
[2024-04-11T14:18:18.564+0000] {logging_mixin.py:188} WARNING - /home/***/.local/lib/python3.12/site-packages/***/task/task_runner/standard_task_runner.py:61 DeprecationWarning: This process (pid=1555) is multi-threaded, use of fork() may lead to deadlocks in the child.
[2024-04-11T14:18:18.566+0000] {standard_task_runner.py:63} INFO - Started process 1557 to run task
[2024-04-11T14:18:18.562+0000] {standard_task_runner.py:90} INFO - Running: ['***', 'tasks', 'run', 'dag_with_gg_bigquery_v01', 'upload_csv_to_gcs', 'scheduled__2024-04-09T17:00:00+00:00', '--job-id', '8', '--raw', '--subdir', 'DAGS_FOLDER/dag_with_gg_bigquery.py', '--cfg-path', '/tmp/tmp0osmyak_']
[2024-04-11T14:18:18.570+0000] {standard_task_runner.py:91} INFO - Job 8: Subtask upload_csv_to_gcs
[2024-04-11T14:18:18.609+0000] {task_command.py:426} INFO - Running <TaskInstance: dag_with_gg_bigquery_v01.upload_csv_to_gcs scheduled__2024-04-09T17:00:00+00:00 [running]> on host a4f2bd86ee13
[2024-04-11T14:18:18.686+0000] {taskinstance.py:2644} INFO - Exporting env vars: AIRFLOW_CTX_DAG_OWNER='duy' AIRFLOW_CTX_DAG_ID='dag_with_gg_bigquery_v01' AIRFLOW_CTX_TASK_ID='upload_csv_to_gcs' AIRFLOW_CTX_EXECUTION_DATE='2024-04-09T17:00:00+00:00' AIRFLOW_CTX_TRY_NUMBER='1' AIRFLOW_CTX_DAG_RUN_ID='scheduled__2024-04-09T17:00:00+00:00'
[2024-04-11T14:18:18.688+0000] {taskinstance.py:430} INFO - ::endgroup::
[2024-04-11T14:18:18.701+0000] {connection.py:274} WARNING - Connection schemes (type: google_cloud_platform) shall not contain '_' according to RFC3986.
[2024-04-11T14:18:18.702+0000] {base.py:84} INFO - Using connection ID 'gcp' for task execution.
[2024-04-11T14:18:22.222+0000] {gcs.py:557} INFO - File /opt/***/include/dataset/online_retail.csv uploaded to raw/online_retail.csv in ***_online_retail_lab7 bucket
[2024-04-11T14:18:22.227+0000] {taskinstance.py:441} INFO - ::group::Post task execution logs
[2024-04-11T14:18:22.285+0000] {taskinstance.py:1205} INFO - Marking task as SUCCESS. dag_id=dag_with_gg_bigquery_v01, task_id=upload_csv_to_gcs, execution_date=20240409T170000, start_date=20240411T141818, end_date=20240411T141822
[2024-04-11T14:18:22.332+0000] {local_task_job_runner.py:240} INFO - Task exited with return code 0
[2024-04-11T14:18:22.361+0000] {taskinstance.py:3482} INFO - 0 downstream tasks scheduled from follow-on schedule check
[2024-04-11T14:18:22.363+0000] {local_task_job_runner.py:222} INFO - ::endgroup::
