[2024-04-11T16:54:42.163+0000] {local_task_job_runner.py:120} INFO - ::group::Pre task execution logs
[2024-04-11T16:54:42.195+0000] {taskinstance.py:2073} INFO - Dependencies all met for dep_context=non-requeueable deps ti=<TaskInstance: 22655381_DAG2_v01.process_data scheduled__2024-04-11T16:53:00+00:00 [queued]>
[2024-04-11T16:54:42.203+0000] {taskinstance.py:2073} INFO - Dependencies all met for dep_context=requeueable deps ti=<TaskInstance: 22655381_DAG2_v01.process_data scheduled__2024-04-11T16:53:00+00:00 [queued]>
[2024-04-11T16:54:42.204+0000] {taskinstance.py:2303} INFO - Starting attempt 2 of 3
[2024-04-11T16:54:42.214+0000] {taskinstance.py:2327} INFO - Executing <Task(PythonOperator): process_data> on 2024-04-11 16:53:00+00:00
[2024-04-11T16:54:42.249+0000] {logging_mixin.py:188} WARNING - /home/***/.local/lib/python3.12/site-packages/***/task/task_runner/standard_task_runner.py:61 DeprecationWarning: This process (pid=2469) is multi-threaded, use of fork() may lead to deadlocks in the child.
[2024-04-11T16:54:42.242+0000] {standard_task_runner.py:90} INFO - Running: ['***', 'tasks', 'run', '22655381_DAG2_v01', 'process_data', 'scheduled__2024-04-11T16:53:00+00:00', '--job-id', '50', '--raw', '--subdir', 'DAGS_FOLDER/dag_exercise.py', '--cfg-path', '/tmp/tmp_6qgtktp']
[2024-04-11T16:54:42.252+0000] {standard_task_runner.py:63} INFO - Started process 2477 to run task
[2024-04-11T16:54:42.253+0000] {standard_task_runner.py:91} INFO - Job 50: Subtask process_data
[2024-04-11T16:54:42.303+0000] {task_command.py:426} INFO - Running <TaskInstance: 22655381_DAG2_v01.process_data scheduled__2024-04-11T16:53:00+00:00 [running]> on host 51938eebcb2b
[2024-04-11T16:54:42.662+0000] {taskinstance.py:2644} INFO - Exporting env vars: AIRFLOW_CTX_DAG_OWNER='Le Van Duy' AIRFLOW_CTX_DAG_ID='22655381_DAG2_v01' AIRFLOW_CTX_TASK_ID='process_data' AIRFLOW_CTX_EXECUTION_DATE='2024-04-11T16:53:00+00:00' AIRFLOW_CTX_TRY_NUMBER='2' AIRFLOW_CTX_DAG_RUN_ID='scheduled__2024-04-11T16:53:00+00:00'
[2024-04-11T16:54:42.665+0000] {taskinstance.py:430} INFO - ::endgroup::
[2024-04-11T16:54:43.796+0000] {python.py:237} INFO - Done. Returned value was:        InvoiceNo StockCode  ... CustomerID         Country
0         536365    85123A  ...    17850.0  United Kingdom
1         536365     71053  ...    17850.0  United Kingdom
2         536365    84406B  ...    17850.0  United Kingdom
3         536365    84029G  ...    17850.0  United Kingdom
4         536365    84029E  ...    17850.0  United Kingdom
...          ...       ...  ...        ...             ...
541904    581587     22613  ...    12680.0          France
541905    581587     22899  ...    12680.0          France
541906    581587     23254  ...    12680.0          France
541907    581587     23255  ...    12680.0          France
541908    581587     22138  ...    12680.0          France

[406829 rows x 8 columns]
[2024-04-11T16:54:43.817+0000] {taskinstance.py:441} INFO - ::group::Post task execution logs
[2024-04-11T16:54:47.223+0000] {taskinstance.py:1205} INFO - Marking task as SUCCESS. dag_id=22655381_DAG2_v01, task_id=process_data, execution_date=20240411T165300, start_date=20240411T165442, end_date=20240411T165447
[2024-04-11T16:54:47.455+0000] {local_task_job_runner.py:240} INFO - Task exited with return code 0
[2024-04-11T16:54:47.507+0000] {logging_mixin.py:188} WARNING - /home/***/.local/lib/python3.12/site-packages/***/models/baseoperator.py:1296 AirflowProviderDeprecationWarning: Call to deprecated class PostgresOperator. (Please use `***.providers.common.sql.operators.sql.SQLExecuteQueryOperator`.Also, you can provide `hook_params={'schema': <database>}`.)
[2024-04-11T16:54:47.566+0000] {taskinstance.py:3482} INFO - 0 downstream tasks scheduled from follow-on schedule check
[2024-04-11T16:54:47.586+0000] {local_task_job_runner.py:222} INFO - ::endgroup::
