[2024-04-11T17:32:13.797+0000] {local_task_job_runner.py:120} INFO - ::group::Pre task execution logs
[2024-04-11T17:32:14.111+0000] {taskinstance.py:2073} INFO - Dependencies all met for dep_context=non-requeueable deps ti=<TaskInstance: 22655381_DAG2.create_table scheduled__2024-04-11T17:31:00+00:00 [queued]>
[2024-04-11T17:32:14.118+0000] {taskinstance.py:2073} INFO - Dependencies all met for dep_context=requeueable deps ti=<TaskInstance: 22655381_DAG2.create_table scheduled__2024-04-11T17:31:00+00:00 [queued]>
[2024-04-11T17:32:14.119+0000] {taskinstance.py:2303} INFO - Starting attempt 1 of 2
[2024-04-11T17:32:14.129+0000] {taskinstance.py:2327} INFO - Executing <Task(PostgresOperator): create_table> on 2024-04-11 17:31:00+00:00
[2024-04-11T17:32:14.137+0000] {logging_mixin.py:188} WARNING - /home/***/.local/lib/python3.12/site-packages/***/task/task_runner/standard_task_runner.py:61 DeprecationWarning: This process (pid=5612) is multi-threaded, use of fork() may lead to deadlocks in the child.
[2024-04-11T17:32:14.139+0000] {standard_task_runner.py:63} INFO - Started process 5619 to run task
[2024-04-11T17:32:14.139+0000] {standard_task_runner.py:90} INFO - Running: ['***', 'tasks', 'run', '22655381_DAG2', 'create_table', 'scheduled__2024-04-11T17:31:00+00:00', '--job-id', '155', '--raw', '--subdir', 'DAGS_FOLDER/dag_exercise.py', '--cfg-path', '/tmp/tmpi497_par']
[2024-04-11T17:32:14.142+0000] {standard_task_runner.py:91} INFO - Job 155: Subtask create_table
[2024-04-11T17:32:14.184+0000] {task_command.py:426} INFO - Running <TaskInstance: 22655381_DAG2.create_table scheduled__2024-04-11T17:31:00+00:00 [running]> on host 51938eebcb2b
[2024-04-11T17:32:14.243+0000] {taskinstance.py:2644} INFO - Exporting env vars: AIRFLOW_CTX_DAG_OWNER='Le Van Duy' AIRFLOW_CTX_DAG_ID='22655381_DAG2' AIRFLOW_CTX_TASK_ID='create_table' AIRFLOW_CTX_EXECUTION_DATE='2024-04-11T17:31:00+00:00' AIRFLOW_CTX_TRY_NUMBER='1' AIRFLOW_CTX_DAG_RUN_ID='scheduled__2024-04-11T17:31:00+00:00'
[2024-04-11T17:32:14.244+0000] {taskinstance.py:430} INFO - ::endgroup::
[2024-04-11T17:32:14.253+0000] {sql.py:276} INFO - Executing: CREATE TABLE IF NOT EXISTS online_retail (
            InvoiceNo VARCHAR(10),
            StockCode VARCHAR(50),
            Description TEXT,
            Quantity INT,
            InvoiceDate TIMESTAMP,
            UnitPrice FLOAT,
            CustomerID INT,
            Country VARCHAR(50)
        )
[2024-04-11T17:32:14.261+0000] {base.py:84} INFO - Using connection ID 'postgres_localhost' for task execution.
[2024-04-11T17:32:14.265+0000] {base.py:84} INFO - Using connection ID 'postgres_localhost' for task execution.
[2024-04-11T17:32:14.279+0000] {sql.py:457} INFO - Running statement: CREATE TABLE IF NOT EXISTS online_retail (
            InvoiceNo VARCHAR(10),
            StockCode VARCHAR(50),
            Description TEXT,
            Quantity INT,
            InvoiceDate TIMESTAMP,
            UnitPrice FLOAT,
            CustomerID INT,
            Country VARCHAR(50)
        ), parameters: None
[2024-04-11T17:32:14.282+0000] {logging_mixin.py:188} WARNING - /home/***/.local/lib/python3.12/site-packages/***/providers/common/sql/hooks/sql.py:407 AirflowProviderDeprecationWarning: Call to deprecated method _make_common_data_structure. (The `_make_serializable` method is deprecated and support will be removed in a future version of the common.sql provider. Please update the DbApiHook's provider to a version based on common.sql >= 1.9.1.)
[2024-04-11T17:32:14.283+0000] {taskinstance.py:441} INFO - ::group::Post task execution logs
[2024-04-11T17:32:14.298+0000] {taskinstance.py:1205} INFO - Marking task as SUCCESS. dag_id=22655381_DAG2, task_id=create_table, execution_date=20240411T173100, start_date=20240411T173214, end_date=20240411T173214
[2024-04-11T17:32:14.320+0000] {local_task_job_runner.py:240} INFO - Task exited with return code 0
[2024-04-11T17:32:14.328+0000] {logging_mixin.py:188} WARNING - /home/***/.local/lib/python3.12/site-packages/***/models/baseoperator.py:1296 AirflowProviderDeprecationWarning: Call to deprecated class PostgresOperator. (Please use `***.providers.common.sql.operators.sql.SQLExecuteQueryOperator`.Also, you can provide `hook_params={'schema': <database>}`.)
[2024-04-11T17:32:14.339+0000] {taskinstance.py:3482} INFO - 1 downstream tasks scheduled from follow-on schedule check
[2024-04-11T17:32:14.340+0000] {local_task_job_runner.py:222} INFO - ::endgroup::
