[2024-04-11T16:54:50.794+0000] {local_task_job_runner.py:120} INFO - ::group::Pre task execution logs
[2024-04-11T16:54:50.840+0000] {taskinstance.py:2073} INFO - Dependencies all met for dep_context=non-requeueable deps ti=<TaskInstance: 22655381_DAG2_v01.create_table scheduled__2024-04-11T16:51:00+00:00 [queued]>
[2024-04-11T16:54:50.860+0000] {taskinstance.py:2073} INFO - Dependencies all met for dep_context=requeueable deps ti=<TaskInstance: 22655381_DAG2_v01.create_table scheduled__2024-04-11T16:51:00+00:00 [queued]>
[2024-04-11T16:54:50.861+0000] {taskinstance.py:2303} INFO - Starting attempt 2 of 3
[2024-04-11T16:54:50.878+0000] {taskinstance.py:2327} INFO - Executing <Task(PostgresOperator): create_table> on 2024-04-11 16:51:00+00:00
[2024-04-11T16:54:50.900+0000] {logging_mixin.py:188} WARNING - /home/***/.local/lib/python3.12/site-packages/***/task/task_runner/standard_task_runner.py:61 DeprecationWarning: This process (pid=2500) is multi-threaded, use of fork() may lead to deadlocks in the child.
[2024-04-11T16:54:50.903+0000] {standard_task_runner.py:63} INFO - Started process 2503 to run task
[2024-04-11T16:54:50.901+0000] {standard_task_runner.py:90} INFO - Running: ['***', 'tasks', 'run', '22655381_DAG2_v01', 'create_table', 'scheduled__2024-04-11T16:51:00+00:00', '--job-id', '54', '--raw', '--subdir', 'DAGS_FOLDER/dag_exercise.py', '--cfg-path', '/tmp/tmp8mmt2xsd']
[2024-04-11T16:54:50.905+0000] {standard_task_runner.py:91} INFO - Job 54: Subtask create_table
[2024-04-11T16:54:50.963+0000] {task_command.py:426} INFO - Running <TaskInstance: 22655381_DAG2_v01.create_table scheduled__2024-04-11T16:51:00+00:00 [running]> on host 51938eebcb2b
[2024-04-11T16:54:51.090+0000] {taskinstance.py:2644} INFO - Exporting env vars: AIRFLOW_CTX_DAG_OWNER='Le Van Duy' AIRFLOW_CTX_DAG_ID='22655381_DAG2_v01' AIRFLOW_CTX_TASK_ID='create_table' AIRFLOW_CTX_EXECUTION_DATE='2024-04-11T16:51:00+00:00' AIRFLOW_CTX_TRY_NUMBER='2' AIRFLOW_CTX_DAG_RUN_ID='scheduled__2024-04-11T16:51:00+00:00'
[2024-04-11T16:54:51.096+0000] {taskinstance.py:430} INFO - ::endgroup::
[2024-04-11T16:54:51.098+0000] {sql.py:276} INFO - Executing: CREATE TABLE IF NOT EXISTS online_retail (
            InvoiceNo VARCHAR(10),
            StockCode VARCHAR(10),
            Description TEXT,
            Quantity INT,
            InvoiceDate TIMESTAMP,
            UnitPrice FLOAT,
            CustomerID INT,
            Country VARCHAR(50)
        )
[2024-04-11T16:54:51.110+0000] {base.py:84} INFO - Using connection ID 'postgres_localhost' for task execution.
[2024-04-11T16:54:51.119+0000] {base.py:84} INFO - Using connection ID 'postgres_localhost' for task execution.
[2024-04-11T16:54:51.161+0000] {sql.py:457} INFO - Running statement: CREATE TABLE IF NOT EXISTS online_retail (
            InvoiceNo VARCHAR(10),
            StockCode VARCHAR(10),
            Description TEXT,
            Quantity INT,
            InvoiceDate TIMESTAMP,
            UnitPrice FLOAT,
            CustomerID INT,
            Country VARCHAR(50)
        ), parameters: None
[2024-04-11T16:54:51.183+0000] {logging_mixin.py:188} WARNING - /home/***/.local/lib/python3.12/site-packages/***/providers/common/sql/hooks/sql.py:407 AirflowProviderDeprecationWarning: Call to deprecated method _make_common_data_structure. (The `_make_serializable` method is deprecated and support will be removed in a future version of the common.sql provider. Please update the DbApiHook's provider to a version based on common.sql >= 1.9.1.)
[2024-04-11T16:54:51.194+0000] {taskinstance.py:441} INFO - ::group::Post task execution logs
[2024-04-11T16:54:51.216+0000] {taskinstance.py:1205} INFO - Marking task as SUCCESS. dag_id=22655381_DAG2_v01, task_id=create_table, execution_date=20240411T165100, start_date=20240411T165450, end_date=20240411T165451
[2024-04-11T16:54:51.259+0000] {local_task_job_runner.py:240} INFO - Task exited with return code 0
[2024-04-11T16:54:51.278+0000] {logging_mixin.py:188} WARNING - /home/***/.local/lib/python3.12/site-packages/***/models/baseoperator.py:1296 AirflowProviderDeprecationWarning: Call to deprecated class PostgresOperator. (Please use `***.providers.common.sql.operators.sql.SQLExecuteQueryOperator`.Also, you can provide `hook_params={'schema': <database>}`.)
[2024-04-11T16:54:51.313+0000] {taskinstance.py:3482} INFO - 0 downstream tasks scheduled from follow-on schedule check
[2024-04-11T16:54:51.314+0000] {local_task_job_runner.py:222} INFO - ::endgroup::
