[2024-04-11T16:57:01.586+0000] {local_task_job_runner.py:120} INFO - ::group::Pre task execution logs
[2024-04-11T16:57:01.603+0000] {taskinstance.py:2073} INFO - Dependencies all met for dep_context=non-requeueable deps ti=<TaskInstance: 22655381_DAG2_v01.print_task_1 scheduled__2024-04-11T16:56:00+00:00 [queued]>
[2024-04-11T16:57:01.606+0000] {taskinstance.py:2073} INFO - Dependencies all met for dep_context=requeueable deps ti=<TaskInstance: 22655381_DAG2_v01.print_task_1 scheduled__2024-04-11T16:56:00+00:00 [queued]>
[2024-04-11T16:57:01.607+0000] {taskinstance.py:2303} INFO - Starting attempt 1 of 2
[2024-04-11T16:57:01.611+0000] {taskinstance.py:2327} INFO - Executing <Task(PythonOperator): print_task_1> on 2024-04-11 16:56:00+00:00
[2024-04-11T16:57:01.616+0000] {logging_mixin.py:188} WARNING - /home/***/.local/lib/python3.12/site-packages/***/task/task_runner/standard_task_runner.py:61 DeprecationWarning: This process (pid=2685) is multi-threaded, use of fork() may lead to deadlocks in the child.
[2024-04-11T16:57:01.617+0000] {standard_task_runner.py:63} INFO - Started process 2687 to run task
[2024-04-11T16:57:01.617+0000] {standard_task_runner.py:90} INFO - Running: ['***', 'tasks', 'run', '22655381_DAG2_v01', 'print_task_1', 'scheduled__2024-04-11T16:56:00+00:00', '--job-id', '66', '--raw', '--subdir', 'DAGS_FOLDER/dag_exercise.py', '--cfg-path', '/tmp/tmp8ov7vhik']
[2024-04-11T16:57:01.619+0000] {standard_task_runner.py:91} INFO - Job 66: Subtask print_task_1
[2024-04-11T16:57:01.656+0000] {task_command.py:426} INFO - Running <TaskInstance: 22655381_DAG2_v01.print_task_1 scheduled__2024-04-11T16:56:00+00:00 [running]> on host 51938eebcb2b
[2024-04-11T16:57:01.709+0000] {taskinstance.py:2644} INFO - Exporting env vars: AIRFLOW_CTX_DAG_OWNER='Le Van Duy' AIRFLOW_CTX_DAG_ID='22655381_DAG2_v01' AIRFLOW_CTX_TASK_ID='print_task_1' AIRFLOW_CTX_EXECUTION_DATE='2024-04-11T16:56:00+00:00' AIRFLOW_CTX_TRY_NUMBER='1' AIRFLOW_CTX_DAG_RUN_ID='scheduled__2024-04-11T16:56:00+00:00'
[2024-04-11T16:57:01.710+0000] {taskinstance.py:430} INFO - ::endgroup::
[2024-04-11T16:57:01.710+0000] {logging_mixin.py:188} INFO - Cong viec 1
[2024-04-11T16:57:01.710+0000] {python.py:237} INFO - Done. Returned value was: None
[2024-04-11T16:57:01.710+0000] {taskinstance.py:441} INFO - ::group::Post task execution logs
[2024-04-11T16:57:01.716+0000] {taskinstance.py:1205} INFO - Marking task as SUCCESS. dag_id=22655381_DAG2_v01, task_id=print_task_1, execution_date=20240411T165600, start_date=20240411T165701, end_date=20240411T165701
[2024-04-11T16:57:01.728+0000] {local_task_job_runner.py:240} INFO - Task exited with return code 0
[2024-04-11T16:57:01.734+0000] {logging_mixin.py:188} WARNING - /home/***/.local/lib/python3.12/site-packages/***/models/baseoperator.py:1296 AirflowProviderDeprecationWarning: Call to deprecated class PostgresOperator. (Please use `***.providers.common.sql.operators.sql.SQLExecuteQueryOperator`.Also, you can provide `hook_params={'schema': <database>}`.)
[2024-04-11T16:57:01.745+0000] {taskinstance.py:3482} INFO - 1 downstream tasks scheduled from follow-on schedule check
[2024-04-11T16:57:01.746+0000] {local_task_job_runner.py:222} INFO - ::endgroup::
