[2024-04-11T15:53:38.889+0000] {local_task_job_runner.py:120} INFO - ::group::Pre task execution logs
[2024-04-11T15:53:38.898+0000] {taskinstance.py:2073} INFO - Dependencies all met for dep_context=non-requeueable deps ti=<TaskInstance: dag_with_gg_bigquery_v07.export_query_result_to_gcs scheduled__2024-04-09T17:00:00+00:00 [queued]>
[2024-04-11T15:53:38.902+0000] {taskinstance.py:2073} INFO - Dependencies all met for dep_context=requeueable deps ti=<TaskInstance: dag_with_gg_bigquery_v07.export_query_result_to_gcs scheduled__2024-04-09T17:00:00+00:00 [queued]>
[2024-04-11T15:53:38.902+0000] {taskinstance.py:2303} INFO - Starting attempt 1 of 2
[2024-04-11T15:53:38.907+0000] {taskinstance.py:2327} INFO - Executing <Task(BigQueryToGCSOperator): export_query_result_to_gcs> on 2024-04-09 17:00:00+00:00
[2024-04-11T15:53:38.913+0000] {logging_mixin.py:188} WARNING - /home/***/.local/lib/python3.12/site-packages/***/task/task_runner/standard_task_runner.py:61 DeprecationWarning: This process (pid=7830) is multi-threaded, use of fork() may lead to deadlocks in the child.
[2024-04-11T15:53:38.914+0000] {standard_task_runner.py:63} INFO - Started process 7832 to run task
[2024-04-11T15:53:38.914+0000] {standard_task_runner.py:90} INFO - Running: ['***', 'tasks', 'run', 'dag_with_gg_bigquery_v07', 'export_query_result_to_gcs', 'scheduled__2024-04-09T17:00:00+00:00', '--job-id', '78', '--raw', '--subdir', 'DAGS_FOLDER/dag_with_gg_bigquery.py', '--cfg-path', '/tmp/tmp0retjih6']
[2024-04-11T15:53:38.916+0000] {standard_task_runner.py:91} INFO - Job 78: Subtask export_query_result_to_gcs
[2024-04-11T15:53:38.951+0000] {task_command.py:426} INFO - Running <TaskInstance: dag_with_gg_bigquery_v07.export_query_result_to_gcs scheduled__2024-04-09T17:00:00+00:00 [running]> on host a4f2bd86ee13
[2024-04-11T15:53:38.996+0000] {taskinstance.py:2644} INFO - Exporting env vars: AIRFLOW_CTX_DAG_OWNER='duy' AIRFLOW_CTX_DAG_ID='dag_with_gg_bigquery_v07' AIRFLOW_CTX_TASK_ID='export_query_result_to_gcs' AIRFLOW_CTX_EXECUTION_DATE='2024-04-09T17:00:00+00:00' AIRFLOW_CTX_TRY_NUMBER='1' AIRFLOW_CTX_DAG_RUN_ID='scheduled__2024-04-09T17:00:00+00:00'
[2024-04-11T15:53:38.997+0000] {taskinstance.py:430} INFO - ::endgroup::
[2024-04-11T15:53:39.002+0000] {bigquery_to_gcs.py:200} INFO - Executing extract of retail.query_result into: ['gs://***_online_retail_lab7/result/query_result.csv']
[2024-04-11T15:53:39.008+0000] {connection.py:274} WARNING - Connection schemes (type: google_cloud_platform) shall not contain '_' according to RFC3986.
[2024-04-11T15:53:39.008+0000] {base.py:84} INFO - Using connection ID 'gcp' for task execution.
[2024-04-11T15:53:39.048+0000] {bigquery.py:2328} INFO - Project is not included in source_project_dataset_table: retail.query_result; using project "***-projecct"
[2024-04-11T15:53:39.049+0000] {bigquery_to_gcs.py:223} INFO - Executing: {'extract': {'sourceTable': {'projectId': '***-projecct', 'datasetId': 'retail', 'tableId': 'query_result'}, 'compression': 'NONE', 'destinationUris': ['gs://***_online_retail_lab7/result/query_result.csv'], 'destinationFormat': 'CSV', 'fieldDelimiter': ',', 'printHeader': True}}
[2024-04-11T15:53:39.050+0000] {bigquery.py:1613} INFO - Inserting job ***_dag_with_gg_bigquery_v07_export_query_result_to_gcs_2024_04_09T17_00_00_00_00_fb6690560d6e2acccc1625c7ebecb8f2
[2024-04-11T15:53:48.430+0000] {taskinstance.py:441} INFO - ::group::Post task execution logs
[2024-04-11T15:53:48.445+0000] {taskinstance.py:1205} INFO - Marking task as SUCCESS. dag_id=dag_with_gg_bigquery_v07, task_id=export_query_result_to_gcs, execution_date=20240409T170000, start_date=20240411T155338, end_date=20240411T155348
[2024-04-11T15:53:48.499+0000] {local_task_job_runner.py:240} INFO - Task exited with return code 0
[2024-04-11T15:53:48.541+0000] {taskinstance.py:3482} INFO - 0 downstream tasks scheduled from follow-on schedule check
[2024-04-11T15:53:48.542+0000] {local_task_job_runner.py:222} INFO - ::endgroup::
