[2024-04-11T15:09:59.899+0000] {local_task_job_runner.py:120} INFO - ::group::Pre task execution logs
[2024-04-11T15:09:59.910+0000] {taskinstance.py:2073} INFO - Dependencies all met for dep_context=non-requeueable deps ti=<TaskInstance: dag_with_gg_bigquery_v04.query_first_1000_rows scheduled__2024-04-09T17:00:00+00:00 [queued]>
[2024-04-11T15:09:59.914+0000] {taskinstance.py:2073} INFO - Dependencies all met for dep_context=requeueable deps ti=<TaskInstance: dag_with_gg_bigquery_v04.query_first_1000_rows scheduled__2024-04-09T17:00:00+00:00 [queued]>
[2024-04-11T15:09:59.914+0000] {taskinstance.py:2303} INFO - Starting attempt 1 of 2
[2024-04-11T15:09:59.923+0000] {taskinstance.py:2327} INFO - Executing <Task(BigQueryExecuteQueryOperator): query_first_1000_rows> on 2024-04-09 17:00:00+00:00
[2024-04-11T15:09:59.933+0000] {standard_task_runner.py:90} INFO - Running: ['***', 'tasks', 'run', 'dag_with_gg_bigquery_v04', 'query_first_1000_rows', 'scheduled__2024-04-09T17:00:00+00:00', '--job-id', '27', '--raw', '--subdir', 'DAGS_FOLDER/dag_with_gg_bigquery.py', '--cfg-path', '/tmp/tmpyz5k3ysg']
[2024-04-11T15:09:59.935+0000] {standard_task_runner.py:91} INFO - Job 27: Subtask query_first_1000_rows
[2024-04-11T15:09:59.934+0000] {logging_mixin.py:188} WARNING - /home/***/.local/lib/python3.12/site-packages/***/task/task_runner/standard_task_runner.py:61 DeprecationWarning: This process (pid=4897) is multi-threaded, use of fork() may lead to deadlocks in the child.
[2024-04-11T15:09:59.936+0000] {standard_task_runner.py:63} INFO - Started process 4902 to run task
[2024-04-11T15:10:00.011+0000] {task_command.py:426} INFO - Running <TaskInstance: dag_with_gg_bigquery_v04.query_first_1000_rows scheduled__2024-04-09T17:00:00+00:00 [running]> on host a4f2bd86ee13
[2024-04-11T15:10:00.093+0000] {taskinstance.py:2644} INFO - Exporting env vars: AIRFLOW_CTX_DAG_OWNER='duy' AIRFLOW_CTX_DAG_ID='dag_with_gg_bigquery_v04' AIRFLOW_CTX_TASK_ID='query_first_1000_rows' AIRFLOW_CTX_EXECUTION_DATE='2024-04-09T17:00:00+00:00' AIRFLOW_CTX_TRY_NUMBER='1' AIRFLOW_CTX_DAG_RUN_ID='scheduled__2024-04-09T17:00:00+00:00'
[2024-04-11T15:10:00.095+0000] {taskinstance.py:430} INFO - ::endgroup::
[2024-04-11T15:10:00.106+0000] {bigquery.py:1246} INFO - Executing: SELECT * FROM `retail.online_retail` LIMIT 1000
[2024-04-11T15:10:00.116+0000] {connection.py:274} WARNING - Connection schemes (type: google_cloud_platform) shall not contain '_' according to RFC3986.
[2024-04-11T15:10:00.118+0000] {base.py:84} INFO - Using connection ID 'gcp' for task execution.
[2024-04-11T15:10:00.128+0000] {logging_mixin.py:188} WARNING - /home/***/.local/lib/python3.12/site-packages/***/providers/google/cloud/operators/bigquery.py:1254 AirflowProviderDeprecationWarning: Call to deprecated method run_query. (Please use `***.providers.google.cloud.hooks.bigquery.BigQueryHook.insert_job`)
[2024-04-11T15:10:00.187+0000] {bigquery.py:1613} INFO - Inserting job ***_1712848200187523_6b6e25be5ac4985954eb63a44cd3dc35
[2024-04-11T15:10:02.556+0000] {taskinstance.py:441} INFO - ::group::Post task execution logs
[2024-04-11T15:10:02.577+0000] {taskinstance.py:1205} INFO - Marking task as SUCCESS. dag_id=dag_with_gg_bigquery_v04, task_id=query_first_1000_rows, execution_date=20240409T170000, start_date=20240411T150959, end_date=20240411T151002
[2024-04-11T15:10:02.629+0000] {local_task_job_runner.py:240} INFO - Task exited with return code 0
[2024-04-11T15:10:02.648+0000] {taskinstance.py:3482} INFO - 0 downstream tasks scheduled from follow-on schedule check
[2024-04-11T15:10:02.649+0000] {local_task_job_runner.py:222} INFO - ::endgroup::
