[2024-04-11T16:52:20.185+0000] {local_task_job_runner.py:120} INFO - ::group::Pre task execution logs
[2024-04-11T16:52:20.202+0000] {taskinstance.py:2073} INFO - Dependencies all met for dep_context=non-requeueable deps ti=<TaskInstance: 22655381_DAG2_v01.print_task_1 scheduled__2024-04-11T16:51:00+00:00 [queued]>
[2024-04-11T16:52:20.206+0000] {taskinstance.py:2073} INFO - Dependencies all met for dep_context=requeueable deps ti=<TaskInstance: 22655381_DAG2_v01.print_task_1 scheduled__2024-04-11T16:51:00+00:00 [queued]>
[2024-04-11T16:52:20.206+0000] {taskinstance.py:2303} INFO - Starting attempt 2 of 3
[2024-04-11T16:52:20.211+0000] {taskinstance.py:2327} INFO - Executing <Task(PythonOperator): print_task_1> on 2024-04-11 16:51:00+00:00
[2024-04-11T16:52:20.220+0000] {logging_mixin.py:188} WARNING - /home/***/.local/lib/python3.12/site-packages/***/task/task_runner/standard_task_runner.py:61 DeprecationWarning: This process (pid=2241) is multi-threaded, use of fork() may lead to deadlocks in the child.
[2024-04-11T16:52:20.221+0000] {standard_task_runner.py:63} INFO - Started process 2243 to run task
[2024-04-11T16:52:20.219+0000] {standard_task_runner.py:90} INFO - Running: ['***', 'tasks', 'run', '22655381_DAG2_v01', 'print_task_1', 'scheduled__2024-04-11T16:51:00+00:00', '--job-id', '33', '--raw', '--subdir', 'DAGS_FOLDER/dag_exercise.py', '--cfg-path', '/tmp/tmp3ks353g_']
[2024-04-11T16:52:20.221+0000] {standard_task_runner.py:91} INFO - Job 33: Subtask print_task_1
[2024-04-11T16:52:20.271+0000] {task_command.py:426} INFO - Running <TaskInstance: 22655381_DAG2_v01.print_task_1 scheduled__2024-04-11T16:51:00+00:00 [running]> on host 51938eebcb2b
[2024-04-11T16:52:20.318+0000] {taskinstance.py:2644} INFO - Exporting env vars: AIRFLOW_CTX_DAG_OWNER='Le Van Duy' AIRFLOW_CTX_DAG_ID='22655381_DAG2_v01' AIRFLOW_CTX_TASK_ID='print_task_1' AIRFLOW_CTX_EXECUTION_DATE='2024-04-11T16:51:00+00:00' AIRFLOW_CTX_TRY_NUMBER='2' AIRFLOW_CTX_DAG_RUN_ID='scheduled__2024-04-11T16:51:00+00:00'
[2024-04-11T16:52:20.319+0000] {taskinstance.py:430} INFO - ::endgroup::
[2024-04-11T16:52:20.319+0000] {logging_mixin.py:188} INFO - Cong viec 1
[2024-04-11T16:52:20.319+0000] {python.py:237} INFO - Done. Returned value was: None
[2024-04-11T16:52:20.319+0000] {taskinstance.py:441} INFO - ::group::Post task execution logs
[2024-04-11T16:52:20.324+0000] {taskinstance.py:1205} INFO - Marking task as SUCCESS. dag_id=22655381_DAG2_v01, task_id=print_task_1, execution_date=20240411T165100, start_date=20240411T165220, end_date=20240411T165220
[2024-04-11T16:52:20.363+0000] {local_task_job_runner.py:240} INFO - Task exited with return code 0
[2024-04-11T16:52:20.371+0000] {logging_mixin.py:188} WARNING - /home/***/.local/lib/python3.12/site-packages/***/models/baseoperator.py:1296 AirflowProviderDeprecationWarning: Call to deprecated class PostgresOperator. (Please use `***.providers.common.sql.operators.sql.SQLExecuteQueryOperator`.Also, you can provide `hook_params={'schema': <database>}`.)
[2024-04-11T16:52:20.384+0000] {taskinstance.py:3482} INFO - 1 downstream tasks scheduled from follow-on schedule check
[2024-04-11T16:52:20.385+0000] {local_task_job_runner.py:222} INFO - ::endgroup::
