[2024-04-11T15:18:45.038+0000] {local_task_job_runner.py:120} INFO - ::group::Pre task execution logs
[2024-04-11T15:18:45.046+0000] {taskinstance.py:2073} INFO - Dependencies all met for dep_context=non-requeueable deps ti=<TaskInstance: dag_with_gg_bigquery_v05.create_dataset scheduled__2024-04-09T17:00:00+00:00 [queued]>
[2024-04-11T15:18:45.050+0000] {taskinstance.py:2073} INFO - Dependencies all met for dep_context=requeueable deps ti=<TaskInstance: dag_with_gg_bigquery_v05.create_dataset scheduled__2024-04-09T17:00:00+00:00 [queued]>
[2024-04-11T15:18:45.050+0000] {taskinstance.py:2303} INFO - Starting attempt 2 of 3
[2024-04-11T15:18:45.057+0000] {taskinstance.py:2327} INFO - Executing <Task(BigQueryCreateEmptyDatasetOperator): create_dataset> on 2024-04-09 17:00:00+00:00
[2024-04-11T15:18:45.062+0000] {standard_task_runner.py:90} INFO - Running: ['***', 'tasks', 'run', 'dag_with_gg_bigquery_v05', 'create_dataset', 'scheduled__2024-04-09T17:00:00+00:00', '--job-id', '39', '--raw', '--subdir', 'DAGS_FOLDER/dag_with_gg_bigquery.py', '--cfg-path', '/tmp/tmpxbjiqezi']
[2024-04-11T15:18:45.065+0000] {standard_task_runner.py:91} INFO - Job 39: Subtask create_dataset
[2024-04-11T15:18:45.066+0000] {logging_mixin.py:188} WARNING - /home/***/.local/lib/python3.12/site-packages/***/task/task_runner/standard_task_runner.py:61 DeprecationWarning: This process (pid=5505) is multi-threaded, use of fork() may lead to deadlocks in the child.
[2024-04-11T15:18:45.066+0000] {standard_task_runner.py:63} INFO - Started process 5507 to run task
[2024-04-11T15:18:45.089+0000] {task_command.py:426} INFO - Running <TaskInstance: dag_with_gg_bigquery_v05.create_dataset scheduled__2024-04-09T17:00:00+00:00 [running]> on host a4f2bd86ee13
[2024-04-11T15:18:45.125+0000] {taskinstance.py:2644} INFO - Exporting env vars: AIRFLOW_CTX_DAG_OWNER='duy' AIRFLOW_CTX_DAG_ID='dag_with_gg_bigquery_v05' AIRFLOW_CTX_TASK_ID='create_dataset' AIRFLOW_CTX_EXECUTION_DATE='2024-04-09T17:00:00+00:00' AIRFLOW_CTX_TRY_NUMBER='2' AIRFLOW_CTX_DAG_RUN_ID='scheduled__2024-04-09T17:00:00+00:00'
[2024-04-11T15:18:45.126+0000] {taskinstance.py:430} INFO - ::endgroup::
[2024-04-11T15:18:45.136+0000] {connection.py:274} WARNING - Connection schemes (type: google_cloud_platform) shall not contain '_' according to RFC3986.
[2024-04-11T15:18:45.137+0000] {base.py:84} INFO - Using connection ID 'gcp' for task execution.
[2024-04-11T15:18:45.175+0000] {bigquery.py:470} INFO - datasetId was not specified in `dataset_reference`. Will use default value retail.
[2024-04-11T15:18:45.176+0000] {bigquery.py:470} INFO - projectId was not specified in `dataset_reference`. Will use default value ***-projecct.
[2024-04-11T15:18:45.176+0000] {bigquery.py:481} INFO - Creating dataset: retail in project: ***-projecct 
[2024-04-11T15:18:46.075+0000] {bigquery.py:2045} INFO - Dataset retail already exists.
[2024-04-11T15:18:46.091+0000] {taskinstance.py:441} INFO - ::group::Post task execution logs
[2024-04-11T15:18:46.103+0000] {taskinstance.py:1205} INFO - Marking task as SUCCESS. dag_id=dag_with_gg_bigquery_v05, task_id=create_dataset, execution_date=20240409T170000, start_date=20240411T151845, end_date=20240411T151846
[2024-04-11T15:18:46.122+0000] {local_task_job_runner.py:240} INFO - Task exited with return code 0
[2024-04-11T15:18:46.145+0000] {taskinstance.py:3482} INFO - 1 downstream tasks scheduled from follow-on schedule check
[2024-04-11T15:18:46.146+0000] {local_task_job_runner.py:222} INFO - ::endgroup::
