[2024-04-11T17:50:57.475+0000] {local_task_job_runner.py:120} INFO - ::group::Pre task execution logs
[2024-04-11T17:50:57.510+0000] {taskinstance.py:2073} INFO - Dependencies all met for dep_context=non-requeueable deps ti=<TaskInstance: first_dag_v3.first_task scheduled__2024-01-11T00:00:00+00:00 [queued]>
[2024-04-11T17:50:57.516+0000] {taskinstance.py:2073} INFO - Dependencies all met for dep_context=requeueable deps ti=<TaskInstance: first_dag_v3.first_task scheduled__2024-01-11T00:00:00+00:00 [queued]>
[2024-04-11T17:50:57.518+0000] {taskinstance.py:2303} INFO - Starting attempt 1 of 6
[2024-04-11T17:50:57.530+0000] {taskinstance.py:2327} INFO - Executing <Task(BashOperator): first_task> on 2024-01-11 00:00:00+00:00
[2024-04-11T17:50:57.544+0000] {standard_task_runner.py:90} INFO - Running: ['***', 'tasks', 'run', 'first_dag_v3', 'first_task', 'scheduled__2024-01-11T00:00:00+00:00', '--job-id', '33', '--raw', '--subdir', 'DAGS_FOLDER/first_dag.py', '--cfg-path', '/tmp/tmpq32imzlo']
[2024-04-11T17:50:57.545+0000] {logging_mixin.py:188} WARNING - /home/***/.local/lib/python3.12/site-packages/***/task/task_runner/standard_task_runner.py:61 DeprecationWarning: This process (pid=342) is multi-threaded, use of fork() may lead to deadlocks in the child.
[2024-04-11T17:50:57.547+0000] {standard_task_runner.py:63} INFO - Started process 346 to run task
[2024-04-11T17:50:57.547+0000] {standard_task_runner.py:91} INFO - Job 33: Subtask first_task
[2024-04-11T17:50:57.619+0000] {task_command.py:426} INFO - Running <TaskInstance: first_dag_v3.first_task scheduled__2024-01-11T00:00:00+00:00 [running]> on host caed5d205145
[2024-04-11T17:50:57.716+0000] {taskinstance.py:2644} INFO - Exporting env vars: AIRFLOW_CTX_DAG_OWNER='duy' AIRFLOW_CTX_DAG_ID='first_dag_v3' AIRFLOW_CTX_TASK_ID='first_task' AIRFLOW_CTX_EXECUTION_DATE='2024-01-11T00:00:00+00:00' AIRFLOW_CTX_TRY_NUMBER='1' AIRFLOW_CTX_DAG_RUN_ID='scheduled__2024-01-11T00:00:00+00:00'
[2024-04-11T17:50:57.719+0000] {taskinstance.py:430} INFO - ::endgroup::
[2024-04-11T17:50:57.731+0000] {subprocess.py:63} INFO - Tmp dir root location: /tmp
[2024-04-11T17:50:57.734+0000] {subprocess.py:75} INFO - Running command: ['/usr/bin/bash', '-c', 'echo "Hello everyone! This is my first DAG in Airflow"']
[2024-04-11T17:50:57.750+0000] {subprocess.py:86} INFO - Output:
[2024-04-11T17:50:57.751+0000] {subprocess.py:93} INFO - Hello everyone! This is my first DAG in Airflow
[2024-04-11T17:50:57.752+0000] {subprocess.py:97} INFO - Command exited with return code 0
[2024-04-11T17:50:57.754+0000] {taskinstance.py:441} INFO - ::group::Post task execution logs
[2024-04-11T17:50:57.803+0000] {taskinstance.py:1205} INFO - Marking task as SUCCESS. dag_id=first_dag_v3, task_id=first_task, execution_date=20240111T000000, start_date=20240411T175057, end_date=20240411T175057
[2024-04-11T17:50:57.863+0000] {local_task_job_runner.py:240} INFO - Task exited with return code 0
[2024-04-11T17:50:57.893+0000] {taskinstance.py:3482} INFO - 2 downstream tasks scheduled from follow-on schedule check
[2024-04-11T17:50:57.903+0000] {local_task_job_runner.py:222} INFO - ::endgroup::
