[2024-04-11T17:50:19.908+0000] {processor.py:161} INFO - Started process (PID=184) to work on /opt/airflow/dags/dag_with_cron_expression.py
[2024-04-11T17:50:19.908+0000] {processor.py:830} INFO - Processing file /opt/airflow/dags/dag_with_cron_expression.py for tasks to queue
[2024-04-11T17:50:19.909+0000] {logging_mixin.py:188} INFO - [2024-04-11T17:50:19.909+0000] {dagbag.py:540} INFO - Filling up the DagBag from /opt/airflow/dags/dag_with_cron_expression.py
[2024-04-11T17:50:19.919+0000] {processor.py:840} INFO - DAG(s) 'dag_with_cron_expression_v02' retrieved from /opt/airflow/dags/dag_with_cron_expression.py
[2024-04-11T17:50:20.000+0000] {logging_mixin.py:188} INFO - [2024-04-11T17:50:19.999+0000] {override.py:1829} INFO - Created Permission View: can read on DAG:dag_with_cron_expression_v02
[2024-04-11T17:50:20.005+0000] {logging_mixin.py:188} INFO - [2024-04-11T17:50:20.005+0000] {override.py:1829} INFO - Created Permission View: can delete on DAG:dag_with_cron_expression_v02
[2024-04-11T17:50:20.009+0000] {logging_mixin.py:188} INFO - [2024-04-11T17:50:20.009+0000] {override.py:1829} INFO - Created Permission View: can edit on DAG:dag_with_cron_expression_v02
[2024-04-11T17:50:20.009+0000] {logging_mixin.py:188} INFO - [2024-04-11T17:50:20.009+0000] {dag.py:3096} INFO - Sync 1 DAGs
[2024-04-11T17:50:20.016+0000] {logging_mixin.py:188} INFO - [2024-04-11T17:50:20.016+0000] {dag.py:3118} INFO - Creating ORM DAG for dag_with_cron_expression_v02
[2024-04-11T17:50:20.023+0000] {logging_mixin.py:188} INFO - [2024-04-11T17:50:20.023+0000] {dag.py:3954} INFO - Setting next_dagrun for dag_with_cron_expression_v02 to 2023-01-02 07:00:00+00:00, run_after=2023-01-09 07:00:00+00:00
[2024-04-11T17:50:20.036+0000] {processor.py:183} INFO - Processing /opt/airflow/dags/dag_with_cron_expression.py took 0.135 seconds
[2024-04-11T17:50:50.185+0000] {processor.py:161} INFO - Started process (PID=230) to work on /opt/airflow/dags/dag_with_cron_expression.py
[2024-04-11T17:50:50.190+0000] {processor.py:830} INFO - Processing file /opt/airflow/dags/dag_with_cron_expression.py for tasks to queue
[2024-04-11T17:50:50.191+0000] {logging_mixin.py:188} INFO - [2024-04-11T17:50:50.190+0000] {dagbag.py:540} INFO - Filling up the DagBag from /opt/airflow/dags/dag_with_cron_expression.py
[2024-04-11T17:50:50.200+0000] {processor.py:840} INFO - DAG(s) 'dag_with_cron_expression_v02' retrieved from /opt/airflow/dags/dag_with_cron_expression.py
[2024-04-11T17:50:50.216+0000] {logging_mixin.py:188} INFO - [2024-04-11T17:50:50.216+0000] {dag.py:3096} INFO - Sync 1 DAGs
[2024-04-11T17:50:50.231+0000] {logging_mixin.py:188} INFO - [2024-04-11T17:50:50.231+0000] {dag.py:3954} INFO - Setting next_dagrun for dag_with_cron_expression_v02 to 2023-01-02 07:00:00+00:00, run_after=2023-01-09 07:00:00+00:00
[2024-04-11T17:50:50.240+0000] {processor.py:183} INFO - Processing /opt/airflow/dags/dag_with_cron_expression.py took 0.058 seconds
[2024-04-11T17:51:23.304+0000] {processor.py:161} INFO - Started process (PID=637) to work on /opt/airflow/dags/dag_with_cron_expression.py
[2024-04-11T17:51:23.319+0000] {processor.py:830} INFO - Processing file /opt/airflow/dags/dag_with_cron_expression.py for tasks to queue
[2024-04-11T17:51:23.336+0000] {logging_mixin.py:188} INFO - [2024-04-11T17:51:23.331+0000] {dagbag.py:540} INFO - Filling up the DagBag from /opt/airflow/dags/dag_with_cron_expression.py
[2024-04-11T17:51:23.399+0000] {processor.py:840} INFO - DAG(s) 'dag_with_cron_expression_v02' retrieved from /opt/airflow/dags/dag_with_cron_expression.py
[2024-04-11T17:51:23.447+0000] {logging_mixin.py:188} INFO - [2024-04-11T17:51:23.447+0000] {dag.py:3096} INFO - Sync 1 DAGs
[2024-04-11T17:51:23.477+0000] {logging_mixin.py:188} INFO - [2024-04-11T17:51:23.477+0000] {dag.py:3954} INFO - Setting next_dagrun for dag_with_cron_expression_v02 to 2023-01-02 07:00:00+00:00, run_after=2023-01-09 07:00:00+00:00
[2024-04-11T17:51:23.564+0000] {processor.py:183} INFO - Processing /opt/airflow/dags/dag_with_cron_expression.py took 0.294 seconds
[2024-04-11T17:51:54.529+0000] {processor.py:161} INFO - Started process (PID=724) to work on /opt/airflow/dags/dag_with_cron_expression.py
[2024-04-11T17:51:54.532+0000] {processor.py:830} INFO - Processing file /opt/airflow/dags/dag_with_cron_expression.py for tasks to queue
[2024-04-11T17:51:54.534+0000] {logging_mixin.py:188} INFO - [2024-04-11T17:51:54.533+0000] {dagbag.py:540} INFO - Filling up the DagBag from /opt/airflow/dags/dag_with_cron_expression.py
[2024-04-11T17:51:54.546+0000] {processor.py:840} INFO - DAG(s) 'dag_with_cron_expression_v02' retrieved from /opt/airflow/dags/dag_with_cron_expression.py
[2024-04-11T17:51:54.567+0000] {logging_mixin.py:188} INFO - [2024-04-11T17:51:54.567+0000] {dag.py:3096} INFO - Sync 1 DAGs
[2024-04-11T17:51:54.580+0000] {logging_mixin.py:188} INFO - [2024-04-11T17:51:54.580+0000] {dag.py:3954} INFO - Setting next_dagrun for dag_with_cron_expression_v02 to 2023-01-02 07:00:00+00:00, run_after=2023-01-09 07:00:00+00:00
[2024-04-11T17:51:54.590+0000] {processor.py:183} INFO - Processing /opt/airflow/dags/dag_with_cron_expression.py took 0.066 seconds
[2024-04-11T17:52:25.069+0000] {processor.py:161} INFO - Started process (PID=770) to work on /opt/airflow/dags/dag_with_cron_expression.py
[2024-04-11T17:52:25.070+0000] {processor.py:830} INFO - Processing file /opt/airflow/dags/dag_with_cron_expression.py for tasks to queue
[2024-04-11T17:52:25.072+0000] {logging_mixin.py:188} INFO - [2024-04-11T17:52:25.071+0000] {dagbag.py:540} INFO - Filling up the DagBag from /opt/airflow/dags/dag_with_cron_expression.py
[2024-04-11T17:52:25.085+0000] {processor.py:840} INFO - DAG(s) 'dag_with_cron_expression_v02' retrieved from /opt/airflow/dags/dag_with_cron_expression.py
[2024-04-11T17:52:25.101+0000] {logging_mixin.py:188} INFO - [2024-04-11T17:52:25.100+0000] {dag.py:3096} INFO - Sync 1 DAGs
[2024-04-11T17:52:25.118+0000] {logging_mixin.py:188} INFO - [2024-04-11T17:52:25.118+0000] {dag.py:3954} INFO - Setting next_dagrun for dag_with_cron_expression_v02 to 2023-01-02 07:00:00+00:00, run_after=2023-01-09 07:00:00+00:00
[2024-04-11T17:52:25.131+0000] {processor.py:183} INFO - Processing /opt/airflow/dags/dag_with_cron_expression.py took 0.068 seconds
[2024-04-11T17:54:51.815+0000] {processor.py:161} INFO - Started process (PID=186) to work on /opt/airflow/dags/dag_with_cron_expression.py
[2024-04-11T17:54:51.817+0000] {processor.py:830} INFO - Processing file /opt/airflow/dags/dag_with_cron_expression.py for tasks to queue
[2024-04-11T17:54:51.819+0000] {logging_mixin.py:188} INFO - [2024-04-11T17:54:51.819+0000] {dagbag.py:540} INFO - Filling up the DagBag from /opt/airflow/dags/dag_with_cron_expression.py
[2024-04-11T17:54:51.830+0000] {processor.py:840} INFO - DAG(s) 'dag_with_cron_expression_v02' retrieved from /opt/airflow/dags/dag_with_cron_expression.py
[2024-04-11T17:54:51.889+0000] {logging_mixin.py:188} INFO - [2024-04-11T17:54:51.888+0000] {dag.py:3096} INFO - Sync 1 DAGs
[2024-04-11T17:54:51.902+0000] {logging_mixin.py:188} INFO - [2024-04-11T17:54:51.901+0000] {dag.py:3954} INFO - Setting next_dagrun for dag_with_cron_expression_v02 to 2023-01-02 07:00:00+00:00, run_after=2023-01-09 07:00:00+00:00
[2024-04-11T17:54:51.913+0000] {processor.py:183} INFO - Processing /opt/airflow/dags/dag_with_cron_expression.py took 0.110 seconds
