[2024-04-11T17:50:19.899+0000] {processor.py:161} INFO - Started process (PID=181) to work on /opt/airflow/dags/dag_with_postgres_operator.py
[2024-04-11T17:50:19.900+0000] {processor.py:830} INFO - Processing file /opt/airflow/dags/dag_with_postgres_operator.py for tasks to queue
[2024-04-11T17:50:19.904+0000] {logging_mixin.py:188} INFO - [2024-04-11T17:50:19.904+0000] {dagbag.py:540} INFO - Filling up the DagBag from /opt/airflow/dags/dag_with_postgres_operator.py
[2024-04-11T17:50:19.914+0000] {processor.py:840} INFO - DAG(s) 'dag_with_postgres_operator_v02' retrieved from /opt/airflow/dags/dag_with_postgres_operator.py
[2024-04-11T17:50:20.000+0000] {logging_mixin.py:188} INFO - [2024-04-11T17:50:19.999+0000] {override.py:1829} INFO - Created Permission View: can read on DAG:dag_with_postgres_operator_v02
[2024-04-11T17:50:20.005+0000] {logging_mixin.py:188} INFO - [2024-04-11T17:50:20.005+0000] {override.py:1829} INFO - Created Permission View: can delete on DAG:dag_with_postgres_operator_v02
[2024-04-11T17:50:20.009+0000] {logging_mixin.py:188} INFO - [2024-04-11T17:50:20.009+0000] {override.py:1829} INFO - Created Permission View: can edit on DAG:dag_with_postgres_operator_v02
[2024-04-11T17:50:20.010+0000] {logging_mixin.py:188} INFO - [2024-04-11T17:50:20.009+0000] {dag.py:3096} INFO - Sync 1 DAGs
[2024-04-11T17:50:20.016+0000] {logging_mixin.py:188} INFO - [2024-04-11T17:50:20.016+0000] {dag.py:3118} INFO - Creating ORM DAG for dag_with_postgres_operator_v02
[2024-04-11T17:50:20.021+0000] {logging_mixin.py:188} INFO - [2024-04-11T17:50:20.021+0000] {dag.py:3954} INFO - Setting next_dagrun for dag_with_postgres_operator_v02 to 2023-01-01 00:00:00+00:00, run_after=2023-01-02 00:00:00+00:00
[2024-04-11T17:50:20.030+0000] {processor.py:183} INFO - Processing /opt/airflow/dags/dag_with_postgres_operator.py took 0.143 seconds
[2024-04-11T17:50:50.179+0000] {processor.py:161} INFO - Started process (PID=227) to work on /opt/airflow/dags/dag_with_postgres_operator.py
[2024-04-11T17:50:50.180+0000] {processor.py:830} INFO - Processing file /opt/airflow/dags/dag_with_postgres_operator.py for tasks to queue
[2024-04-11T17:50:50.185+0000] {logging_mixin.py:188} INFO - [2024-04-11T17:50:50.185+0000] {dagbag.py:540} INFO - Filling up the DagBag from /opt/airflow/dags/dag_with_postgres_operator.py
[2024-04-11T17:50:50.193+0000] {processor.py:840} INFO - DAG(s) 'dag_with_postgres_operator_v02' retrieved from /opt/airflow/dags/dag_with_postgres_operator.py
[2024-04-11T17:50:50.213+0000] {logging_mixin.py:188} INFO - [2024-04-11T17:50:50.213+0000] {dag.py:3096} INFO - Sync 1 DAGs
[2024-04-11T17:50:50.226+0000] {logging_mixin.py:188} INFO - [2024-04-11T17:50:50.226+0000] {dag.py:3954} INFO - Setting next_dagrun for dag_with_postgres_operator_v02 to 2023-01-01 00:00:00+00:00, run_after=2023-01-02 00:00:00+00:00
[2024-04-11T17:50:50.236+0000] {processor.py:183} INFO - Processing /opt/airflow/dags/dag_with_postgres_operator.py took 0.060 seconds
[2024-04-11T17:51:23.018+0000] {processor.py:161} INFO - Started process (PID=624) to work on /opt/airflow/dags/dag_with_postgres_operator.py
[2024-04-11T17:51:23.022+0000] {processor.py:830} INFO - Processing file /opt/airflow/dags/dag_with_postgres_operator.py for tasks to queue
[2024-04-11T17:51:23.072+0000] {logging_mixin.py:188} INFO - [2024-04-11T17:51:23.071+0000] {dagbag.py:540} INFO - Filling up the DagBag from /opt/airflow/dags/dag_with_postgres_operator.py
[2024-04-11T17:51:23.144+0000] {processor.py:840} INFO - DAG(s) 'dag_with_postgres_operator_v02' retrieved from /opt/airflow/dags/dag_with_postgres_operator.py
[2024-04-11T17:51:23.247+0000] {logging_mixin.py:188} INFO - [2024-04-11T17:51:23.246+0000] {dag.py:3096} INFO - Sync 1 DAGs
[2024-04-11T17:51:23.328+0000] {logging_mixin.py:188} INFO - [2024-04-11T17:51:23.328+0000] {dag.py:3954} INFO - Setting next_dagrun for dag_with_postgres_operator_v02 to 2023-01-01 00:00:00+00:00, run_after=2023-01-02 00:00:00+00:00
[2024-04-11T17:51:23.417+0000] {processor.py:183} INFO - Processing /opt/airflow/dags/dag_with_postgres_operator.py took 0.431 seconds
[2024-04-11T17:51:54.526+0000] {processor.py:161} INFO - Started process (PID=721) to work on /opt/airflow/dags/dag_with_postgres_operator.py
[2024-04-11T17:51:54.529+0000] {processor.py:830} INFO - Processing file /opt/airflow/dags/dag_with_postgres_operator.py for tasks to queue
[2024-04-11T17:51:54.531+0000] {logging_mixin.py:188} INFO - [2024-04-11T17:51:54.530+0000] {dagbag.py:540} INFO - Filling up the DagBag from /opt/airflow/dags/dag_with_postgres_operator.py
[2024-04-11T17:51:54.546+0000] {processor.py:840} INFO - DAG(s) 'dag_with_postgres_operator_v02' retrieved from /opt/airflow/dags/dag_with_postgres_operator.py
[2024-04-11T17:51:54.567+0000] {logging_mixin.py:188} INFO - [2024-04-11T17:51:54.567+0000] {dag.py:3096} INFO - Sync 1 DAGs
[2024-04-11T17:51:54.581+0000] {logging_mixin.py:188} INFO - [2024-04-11T17:51:54.581+0000] {dag.py:3954} INFO - Setting next_dagrun for dag_with_postgres_operator_v02 to 2023-01-01 00:00:00+00:00, run_after=2023-01-02 00:00:00+00:00
[2024-04-11T17:51:54.590+0000] {processor.py:183} INFO - Processing /opt/airflow/dags/dag_with_postgres_operator.py took 0.082 seconds
[2024-04-11T17:52:25.065+0000] {processor.py:161} INFO - Started process (PID=767) to work on /opt/airflow/dags/dag_with_postgres_operator.py
[2024-04-11T17:52:25.066+0000] {processor.py:830} INFO - Processing file /opt/airflow/dags/dag_with_postgres_operator.py for tasks to queue
[2024-04-11T17:52:25.068+0000] {logging_mixin.py:188} INFO - [2024-04-11T17:52:25.068+0000] {dagbag.py:540} INFO - Filling up the DagBag from /opt/airflow/dags/dag_with_postgres_operator.py
[2024-04-11T17:52:25.085+0000] {processor.py:840} INFO - DAG(s) 'dag_with_postgres_operator_v02' retrieved from /opt/airflow/dags/dag_with_postgres_operator.py
[2024-04-11T17:52:25.101+0000] {logging_mixin.py:188} INFO - [2024-04-11T17:52:25.100+0000] {dag.py:3096} INFO - Sync 1 DAGs
[2024-04-11T17:52:25.118+0000] {logging_mixin.py:188} INFO - [2024-04-11T17:52:25.117+0000] {dag.py:3954} INFO - Setting next_dagrun for dag_with_postgres_operator_v02 to 2023-01-01 00:00:00+00:00, run_after=2023-01-02 00:00:00+00:00
[2024-04-11T17:52:25.130+0000] {processor.py:183} INFO - Processing /opt/airflow/dags/dag_with_postgres_operator.py took 0.072 seconds
[2024-04-11T17:54:51.644+0000] {processor.py:161} INFO - Started process (PID=179) to work on /opt/airflow/dags/dag_with_postgres_operator.py
[2024-04-11T17:54:51.646+0000] {processor.py:830} INFO - Processing file /opt/airflow/dags/dag_with_postgres_operator.py for tasks to queue
[2024-04-11T17:54:51.648+0000] {logging_mixin.py:188} INFO - [2024-04-11T17:54:51.648+0000] {dagbag.py:540} INFO - Filling up the DagBag from /opt/airflow/dags/dag_with_postgres_operator.py
[2024-04-11T17:54:51.664+0000] {processor.py:840} INFO - DAG(s) 'dag_with_postgres_operator_v02' retrieved from /opt/airflow/dags/dag_with_postgres_operator.py
[2024-04-11T17:54:51.740+0000] {logging_mixin.py:188} INFO - [2024-04-11T17:54:51.739+0000] {dag.py:3096} INFO - Sync 1 DAGs
[2024-04-11T17:54:51.751+0000] {logging_mixin.py:188} INFO - [2024-04-11T17:54:51.751+0000] {dag.py:3954} INFO - Setting next_dagrun for dag_with_postgres_operator_v02 to 2023-01-01 00:00:00+00:00, run_after=2023-01-02 00:00:00+00:00
[2024-04-11T17:54:51.764+0000] {processor.py:183} INFO - Processing /opt/airflow/dags/dag_with_postgres_operator.py took 0.124 seconds
