[2024-04-11T17:50:19.501+0000] {processor.py:161} INFO - Started process (PID=169) to work on /opt/airflow/dags/dag_with_python_dependencies.py
[2024-04-11T17:50:19.504+0000] {processor.py:830} INFO - Processing file /opt/airflow/dags/dag_with_python_dependencies.py for tasks to queue
[2024-04-11T17:50:19.507+0000] {logging_mixin.py:188} INFO - [2024-04-11T17:50:19.507+0000] {dagbag.py:540} INFO - Filling up the DagBag from /opt/airflow/dags/dag_with_python_dependencies.py
[2024-04-11T17:50:19.533+0000] {processor.py:840} INFO - DAG(s) 'dag_with_python_dependencies_v01' retrieved from /opt/airflow/dags/dag_with_python_dependencies.py
[2024-04-11T17:50:19.719+0000] {logging_mixin.py:188} INFO - [2024-04-11T17:50:19.718+0000] {override.py:1829} INFO - Created Permission View: can read on DAG:dag_with_python_dependencies_v01
[2024-04-11T17:50:19.725+0000] {logging_mixin.py:188} INFO - [2024-04-11T17:50:19.724+0000] {override.py:1829} INFO - Created Permission View: can delete on DAG:dag_with_python_dependencies_v01
[2024-04-11T17:50:19.728+0000] {logging_mixin.py:188} INFO - [2024-04-11T17:50:19.728+0000] {override.py:1829} INFO - Created Permission View: can edit on DAG:dag_with_python_dependencies_v01
[2024-04-11T17:50:19.728+0000] {logging_mixin.py:188} INFO - [2024-04-11T17:50:19.728+0000] {dag.py:3096} INFO - Sync 1 DAGs
[2024-04-11T17:50:19.739+0000] {logging_mixin.py:188} INFO - [2024-04-11T17:50:19.739+0000] {dag.py:3118} INFO - Creating ORM DAG for dag_with_python_dependencies_v01
[2024-04-11T17:50:19.750+0000] {logging_mixin.py:188} INFO - [2024-04-11T17:50:19.750+0000] {dag.py:3954} INFO - Setting next_dagrun for dag_with_python_dependencies_v01 to 2023-01-01 00:00:00+00:00, run_after=2023-01-02 00:00:00+00:00
[2024-04-11T17:50:19.759+0000] {processor.py:183} INFO - Processing /opt/airflow/dags/dag_with_python_dependencies.py took 0.264 seconds
[2024-04-11T17:50:49.986+0000] {processor.py:161} INFO - Started process (PID=214) to work on /opt/airflow/dags/dag_with_python_dependencies.py
[2024-04-11T17:50:49.988+0000] {processor.py:830} INFO - Processing file /opt/airflow/dags/dag_with_python_dependencies.py for tasks to queue
[2024-04-11T17:50:49.992+0000] {logging_mixin.py:188} INFO - [2024-04-11T17:50:49.991+0000] {dagbag.py:540} INFO - Filling up the DagBag from /opt/airflow/dags/dag_with_python_dependencies.py
[2024-04-11T17:50:50.009+0000] {processor.py:840} INFO - DAG(s) 'dag_with_python_dependencies_v01' retrieved from /opt/airflow/dags/dag_with_python_dependencies.py
[2024-04-11T17:50:50.068+0000] {logging_mixin.py:188} INFO - [2024-04-11T17:50:50.066+0000] {dag.py:3096} INFO - Sync 1 DAGs
[2024-04-11T17:50:50.090+0000] {logging_mixin.py:188} INFO - [2024-04-11T17:50:50.090+0000] {dag.py:3954} INFO - Setting next_dagrun for dag_with_python_dependencies_v01 to 2023-01-01 00:00:00+00:00, run_after=2023-01-02 00:00:00+00:00
[2024-04-11T17:50:50.100+0000] {processor.py:183} INFO - Processing /opt/airflow/dags/dag_with_python_dependencies.py took 0.137 seconds
[2024-04-11T17:51:21.001+0000] {processor.py:161} INFO - Started process (PID=595) to work on /opt/airflow/dags/dag_with_python_dependencies.py
[2024-04-11T17:51:21.025+0000] {processor.py:830} INFO - Processing file /opt/airflow/dags/dag_with_python_dependencies.py for tasks to queue
[2024-04-11T17:51:21.134+0000] {logging_mixin.py:188} INFO - [2024-04-11T17:51:21.133+0000] {dagbag.py:540} INFO - Filling up the DagBag from /opt/airflow/dags/dag_with_python_dependencies.py
[2024-04-11T17:51:21.420+0000] {processor.py:840} INFO - DAG(s) 'dag_with_python_dependencies_v01' retrieved from /opt/airflow/dags/dag_with_python_dependencies.py
[2024-04-11T17:51:21.603+0000] {logging_mixin.py:188} INFO - [2024-04-11T17:51:21.600+0000] {dag.py:3096} INFO - Sync 1 DAGs
[2024-04-11T17:51:21.801+0000] {logging_mixin.py:188} INFO - [2024-04-11T17:51:21.780+0000] {dag.py:3954} INFO - Setting next_dagrun for dag_with_python_dependencies_v01 to 2023-01-01 00:00:00+00:00, run_after=2023-01-02 00:00:00+00:00
[2024-04-11T17:51:21.951+0000] {processor.py:183} INFO - Processing /opt/airflow/dags/dag_with_python_dependencies.py took 1.099 seconds
[2024-04-11T17:51:52.368+0000] {processor.py:161} INFO - Started process (PID=709) to work on /opt/airflow/dags/dag_with_python_dependencies.py
[2024-04-11T17:51:52.371+0000] {processor.py:830} INFO - Processing file /opt/airflow/dags/dag_with_python_dependencies.py for tasks to queue
[2024-04-11T17:51:52.376+0000] {logging_mixin.py:188} INFO - [2024-04-11T17:51:52.376+0000] {dagbag.py:540} INFO - Filling up the DagBag from /opt/airflow/dags/dag_with_python_dependencies.py
[2024-04-11T17:51:52.394+0000] {processor.py:840} INFO - DAG(s) 'dag_with_python_dependencies_v01' retrieved from /opt/airflow/dags/dag_with_python_dependencies.py
[2024-04-11T17:51:52.422+0000] {logging_mixin.py:188} INFO - [2024-04-11T17:51:52.422+0000] {dag.py:3096} INFO - Sync 1 DAGs
[2024-04-11T17:51:52.451+0000] {logging_mixin.py:188} INFO - [2024-04-11T17:51:52.450+0000] {dag.py:3954} INFO - Setting next_dagrun for dag_with_python_dependencies_v01 to 2023-01-01 00:00:00+00:00, run_after=2023-01-02 00:00:00+00:00
[2024-04-11T17:51:52.461+0000] {processor.py:183} INFO - Processing /opt/airflow/dags/dag_with_python_dependencies.py took 0.115 seconds
[2024-04-11T17:52:23.021+0000] {processor.py:161} INFO - Started process (PID=755) to work on /opt/airflow/dags/dag_with_python_dependencies.py
[2024-04-11T17:52:23.026+0000] {processor.py:830} INFO - Processing file /opt/airflow/dags/dag_with_python_dependencies.py for tasks to queue
[2024-04-11T17:52:23.030+0000] {logging_mixin.py:188} INFO - [2024-04-11T17:52:23.029+0000] {dagbag.py:540} INFO - Filling up the DagBag from /opt/airflow/dags/dag_with_python_dependencies.py
[2024-04-11T17:52:23.047+0000] {processor.py:840} INFO - DAG(s) 'dag_with_python_dependencies_v01' retrieved from /opt/airflow/dags/dag_with_python_dependencies.py
[2024-04-11T17:52:23.080+0000] {logging_mixin.py:188} INFO - [2024-04-11T17:52:23.080+0000] {dag.py:3096} INFO - Sync 1 DAGs
[2024-04-11T17:52:23.096+0000] {logging_mixin.py:188} INFO - [2024-04-11T17:52:23.095+0000] {dag.py:3954} INFO - Setting next_dagrun for dag_with_python_dependencies_v01 to 2023-01-01 00:00:00+00:00, run_after=2023-01-02 00:00:00+00:00
[2024-04-11T17:52:23.107+0000] {processor.py:183} INFO - Processing /opt/airflow/dags/dag_with_python_dependencies.py took 0.096 seconds
[2024-04-11T17:54:51.352+0000] {processor.py:161} INFO - Started process (PID=169) to work on /opt/airflow/dags/dag_with_python_dependencies.py
[2024-04-11T17:54:51.357+0000] {processor.py:830} INFO - Processing file /opt/airflow/dags/dag_with_python_dependencies.py for tasks to queue
[2024-04-11T17:54:51.360+0000] {logging_mixin.py:188} INFO - [2024-04-11T17:54:51.360+0000] {dagbag.py:540} INFO - Filling up the DagBag from /opt/airflow/dags/dag_with_python_dependencies.py
[2024-04-11T17:54:51.391+0000] {processor.py:840} INFO - DAG(s) 'dag_with_python_dependencies_v01' retrieved from /opt/airflow/dags/dag_with_python_dependencies.py
[2024-04-11T17:54:51.572+0000] {logging_mixin.py:188} INFO - [2024-04-11T17:54:51.572+0000] {dag.py:3096} INFO - Sync 1 DAGs
[2024-04-11T17:54:51.598+0000] {logging_mixin.py:188} INFO - [2024-04-11T17:54:51.598+0000] {dag.py:3954} INFO - Setting next_dagrun for dag_with_python_dependencies_v01 to 2023-01-01 00:00:00+00:00, run_after=2023-01-02 00:00:00+00:00
[2024-04-11T17:54:51.613+0000] {processor.py:183} INFO - Processing /opt/airflow/dags/dag_with_python_dependencies.py took 0.269 seconds
