[2024-04-11T17:50:20.309+0000] {processor.py:161} INFO - Started process (PID=196) to work on /opt/airflow/dags/dag_with_taskflow.py
[2024-04-11T17:50:20.318+0000] {processor.py:830} INFO - Processing file /opt/airflow/dags/dag_with_taskflow.py for tasks to queue
[2024-04-11T17:50:20.330+0000] {logging_mixin.py:188} INFO - [2024-04-11T17:50:20.327+0000] {dagbag.py:540} INFO - Filling up the DagBag from /opt/airflow/dags/dag_with_taskflow.py
[2024-04-11T17:50:20.359+0000] {processor.py:840} INFO - DAG(s) 'dag_with_taskflow_v04' retrieved from /opt/airflow/dags/dag_with_taskflow.py
[2024-04-11T17:50:20.468+0000] {logging_mixin.py:188} INFO - [2024-04-11T17:50:20.467+0000] {override.py:1829} INFO - Created Permission View: can read on DAG:dag_with_taskflow_v04
[2024-04-11T17:50:20.487+0000] {logging_mixin.py:188} INFO - [2024-04-11T17:50:20.487+0000] {override.py:1829} INFO - Created Permission View: can delete on DAG:dag_with_taskflow_v04
[2024-04-11T17:50:20.491+0000] {logging_mixin.py:188} INFO - [2024-04-11T17:50:20.491+0000] {override.py:1829} INFO - Created Permission View: can edit on DAG:dag_with_taskflow_v04
[2024-04-11T17:50:20.492+0000] {logging_mixin.py:188} INFO - [2024-04-11T17:50:20.491+0000] {dag.py:3096} INFO - Sync 1 DAGs
[2024-04-11T17:50:20.503+0000] {logging_mixin.py:188} INFO - [2024-04-11T17:50:20.503+0000] {dag.py:3118} INFO - Creating ORM DAG for dag_with_taskflow_v04
[2024-04-11T17:50:20.512+0000] {logging_mixin.py:188} INFO - [2024-04-11T17:50:20.512+0000] {dag.py:3954} INFO - Setting next_dagrun for dag_with_taskflow_v04 to 2023-01-01 00:00:00+00:00, run_after=2023-01-02 00:00:00+00:00
[2024-04-11T17:50:20.521+0000] {processor.py:183} INFO - Processing /opt/airflow/dags/dag_with_taskflow.py took 0.226 seconds
[2024-04-11T17:50:51.273+0000] {processor.py:161} INFO - Started process (PID=242) to work on /opt/airflow/dags/dag_with_taskflow.py
[2024-04-11T17:50:51.274+0000] {processor.py:830} INFO - Processing file /opt/airflow/dags/dag_with_taskflow.py for tasks to queue
[2024-04-11T17:50:51.277+0000] {logging_mixin.py:188} INFO - [2024-04-11T17:50:51.276+0000] {dagbag.py:540} INFO - Filling up the DagBag from /opt/airflow/dags/dag_with_taskflow.py
[2024-04-11T17:50:51.298+0000] {processor.py:840} INFO - DAG(s) 'dag_with_taskflow_v04' retrieved from /opt/airflow/dags/dag_with_taskflow.py
[2024-04-11T17:50:51.326+0000] {logging_mixin.py:188} INFO - [2024-04-11T17:50:51.325+0000] {dag.py:3096} INFO - Sync 1 DAGs
[2024-04-11T17:50:51.369+0000] {logging_mixin.py:188} INFO - [2024-04-11T17:50:51.369+0000] {dag.py:3954} INFO - Setting next_dagrun for dag_with_taskflow_v04 to 2023-01-01 00:00:00+00:00, run_after=2023-01-02 00:00:00+00:00
[2024-04-11T17:50:51.401+0000] {processor.py:183} INFO - Processing /opt/airflow/dags/dag_with_taskflow.py took 0.132 seconds
[2024-04-11T17:51:23.732+0000] {processor.py:161} INFO - Started process (PID=651) to work on /opt/airflow/dags/dag_with_taskflow.py
[2024-04-11T17:51:23.740+0000] {processor.py:830} INFO - Processing file /opt/airflow/dags/dag_with_taskflow.py for tasks to queue
[2024-04-11T17:51:23.756+0000] {logging_mixin.py:188} INFO - [2024-04-11T17:51:23.754+0000] {dagbag.py:540} INFO - Filling up the DagBag from /opt/airflow/dags/dag_with_taskflow.py
[2024-04-11T17:51:24.083+0000] {processor.py:840} INFO - DAG(s) 'dag_with_taskflow_v04' retrieved from /opt/airflow/dags/dag_with_taskflow.py
[2024-04-11T17:51:24.308+0000] {logging_mixin.py:188} INFO - [2024-04-11T17:51:24.300+0000] {dag.py:3096} INFO - Sync 1 DAGs
[2024-04-11T17:51:24.687+0000] {processor.py:183} INFO - Processing /opt/airflow/dags/dag_with_taskflow.py took 0.985 seconds
[2024-04-11T17:51:55.667+0000] {processor.py:161} INFO - Started process (PID=736) to work on /opt/airflow/dags/dag_with_taskflow.py
[2024-04-11T17:51:55.670+0000] {processor.py:830} INFO - Processing file /opt/airflow/dags/dag_with_taskflow.py for tasks to queue
[2024-04-11T17:51:55.675+0000] {logging_mixin.py:188} INFO - [2024-04-11T17:51:55.674+0000] {dagbag.py:540} INFO - Filling up the DagBag from /opt/airflow/dags/dag_with_taskflow.py
[2024-04-11T17:51:55.694+0000] {processor.py:840} INFO - DAG(s) 'dag_with_taskflow_v04' retrieved from /opt/airflow/dags/dag_with_taskflow.py
[2024-04-11T17:51:55.710+0000] {logging_mixin.py:188} INFO - [2024-04-11T17:51:55.710+0000] {dag.py:3096} INFO - Sync 1 DAGs
[2024-04-11T17:51:55.724+0000] {logging_mixin.py:188} INFO - [2024-04-11T17:51:55.724+0000] {dag.py:3954} INFO - Setting next_dagrun for dag_with_taskflow_v04 to 2023-01-28 00:00:00+00:00, run_after=2023-01-29 00:00:00+00:00
[2024-04-11T17:51:55.739+0000] {processor.py:183} INFO - Processing /opt/airflow/dags/dag_with_taskflow.py took 0.090 seconds
[2024-04-11T17:52:26.179+0000] {processor.py:161} INFO - Started process (PID=782) to work on /opt/airflow/dags/dag_with_taskflow.py
[2024-04-11T17:52:26.180+0000] {processor.py:830} INFO - Processing file /opt/airflow/dags/dag_with_taskflow.py for tasks to queue
[2024-04-11T17:52:26.185+0000] {logging_mixin.py:188} INFO - [2024-04-11T17:52:26.185+0000] {dagbag.py:540} INFO - Filling up the DagBag from /opt/airflow/dags/dag_with_taskflow.py
[2024-04-11T17:52:26.198+0000] {processor.py:840} INFO - DAG(s) 'dag_with_taskflow_v04' retrieved from /opt/airflow/dags/dag_with_taskflow.py
[2024-04-11T17:52:26.216+0000] {logging_mixin.py:188} INFO - [2024-04-11T17:52:26.216+0000] {dag.py:3096} INFO - Sync 1 DAGs
[2024-04-11T17:52:26.230+0000] {logging_mixin.py:188} INFO - [2024-04-11T17:52:26.229+0000] {dag.py:3954} INFO - Setting next_dagrun for dag_with_taskflow_v04 to 2023-01-28 00:00:00+00:00, run_after=2023-01-29 00:00:00+00:00
[2024-04-11T17:52:26.242+0000] {processor.py:183} INFO - Processing /opt/airflow/dags/dag_with_taskflow.py took 0.073 seconds
[2024-04-11T17:54:51.962+0000] {processor.py:161} INFO - Started process (PID=194) to work on /opt/airflow/dags/dag_with_taskflow.py
[2024-04-11T17:54:51.962+0000] {processor.py:830} INFO - Processing file /opt/airflow/dags/dag_with_taskflow.py for tasks to queue
[2024-04-11T17:54:51.963+0000] {logging_mixin.py:188} INFO - [2024-04-11T17:54:51.963+0000] {dagbag.py:540} INFO - Filling up the DagBag from /opt/airflow/dags/dag_with_taskflow.py
[2024-04-11T17:54:51.970+0000] {processor.py:840} INFO - DAG(s) 'dag_with_taskflow_v04' retrieved from /opt/airflow/dags/dag_with_taskflow.py
[2024-04-11T17:54:52.036+0000] {logging_mixin.py:188} INFO - [2024-04-11T17:54:52.035+0000] {dag.py:3096} INFO - Sync 1 DAGs
[2024-04-11T17:54:52.049+0000] {logging_mixin.py:188} INFO - [2024-04-11T17:54:52.049+0000] {dag.py:3954} INFO - Setting next_dagrun for dag_with_taskflow_v04 to 2023-01-28 00:00:00+00:00, run_after=2023-01-29 00:00:00+00:00
[2024-04-11T17:54:52.060+0000] {processor.py:183} INFO - Processing /opt/airflow/dags/dag_with_taskflow.py took 0.102 seconds
