[2024-04-11T17:50:20.096+0000] {processor.py:161} INFO - Started process (PID=191) to work on /opt/airflow/dags/dag_with_catchup_and_backfill.py
[2024-04-11T17:50:20.097+0000] {processor.py:830} INFO - Processing file /opt/airflow/dags/dag_with_catchup_and_backfill.py for tasks to queue
[2024-04-11T17:50:20.099+0000] {logging_mixin.py:188} INFO - [2024-04-11T17:50:20.098+0000] {dagbag.py:540} INFO - Filling up the DagBag from /opt/airflow/dags/dag_with_catchup_and_backfill.py
[2024-04-11T17:50:20.111+0000] {processor.py:840} INFO - DAG(s) 'dag_with_catchup_and_backfill_v02' retrieved from /opt/airflow/dags/dag_with_catchup_and_backfill.py
[2024-04-11T17:50:20.188+0000] {logging_mixin.py:188} INFO - [2024-04-11T17:50:20.187+0000] {override.py:1829} INFO - Created Permission View: can read on DAG:dag_with_catchup_and_backfill_v02
[2024-04-11T17:50:20.193+0000] {logging_mixin.py:188} INFO - [2024-04-11T17:50:20.193+0000] {override.py:1829} INFO - Created Permission View: can delete on DAG:dag_with_catchup_and_backfill_v02
[2024-04-11T17:50:20.197+0000] {logging_mixin.py:188} INFO - [2024-04-11T17:50:20.197+0000] {override.py:1829} INFO - Created Permission View: can edit on DAG:dag_with_catchup_and_backfill_v02
[2024-04-11T17:50:20.197+0000] {logging_mixin.py:188} INFO - [2024-04-11T17:50:20.197+0000] {dag.py:3096} INFO - Sync 1 DAGs
[2024-04-11T17:50:20.204+0000] {logging_mixin.py:188} INFO - [2024-04-11T17:50:20.203+0000] {dag.py:3118} INFO - Creating ORM DAG for dag_with_catchup_and_backfill_v02
[2024-04-11T17:50:20.209+0000] {logging_mixin.py:188} INFO - [2024-04-11T17:50:20.209+0000] {dag.py:3954} INFO - Setting next_dagrun for dag_with_catchup_and_backfill_v02 to 2024-04-10 00:00:00+00:00, run_after=2024-04-11 00:00:00+00:00
[2024-04-11T17:50:20.222+0000] {processor.py:183} INFO - Processing /opt/airflow/dags/dag_with_catchup_and_backfill.py took 0.133 seconds
[2024-04-11T17:50:50.253+0000] {processor.py:161} INFO - Started process (PID=237) to work on /opt/airflow/dags/dag_with_catchup_and_backfill.py
[2024-04-11T17:50:50.254+0000] {processor.py:830} INFO - Processing file /opt/airflow/dags/dag_with_catchup_and_backfill.py for tasks to queue
[2024-04-11T17:50:50.255+0000] {logging_mixin.py:188} INFO - [2024-04-11T17:50:50.255+0000] {dagbag.py:540} INFO - Filling up the DagBag from /opt/airflow/dags/dag_with_catchup_and_backfill.py
[2024-04-11T17:50:50.260+0000] {processor.py:840} INFO - DAG(s) 'dag_with_catchup_and_backfill_v02' retrieved from /opt/airflow/dags/dag_with_catchup_and_backfill.py
[2024-04-11T17:50:50.278+0000] {logging_mixin.py:188} INFO - [2024-04-11T17:50:50.278+0000] {dag.py:3096} INFO - Sync 1 DAGs
[2024-04-11T17:50:50.288+0000] {logging_mixin.py:188} INFO - [2024-04-11T17:50:50.288+0000] {dag.py:3954} INFO - Setting next_dagrun for dag_with_catchup_and_backfill_v02 to 2024-04-10 00:00:00+00:00, run_after=2024-04-11 00:00:00+00:00
[2024-04-11T17:50:50.295+0000] {processor.py:183} INFO - Processing /opt/airflow/dags/dag_with_catchup_and_backfill.py took 0.046 seconds
[2024-04-11T17:51:23.594+0000] {processor.py:161} INFO - Started process (PID=642) to work on /opt/airflow/dags/dag_with_catchup_and_backfill.py
[2024-04-11T17:51:23.599+0000] {processor.py:830} INFO - Processing file /opt/airflow/dags/dag_with_catchup_and_backfill.py for tasks to queue
[2024-04-11T17:51:23.606+0000] {logging_mixin.py:188} INFO - [2024-04-11T17:51:23.605+0000] {dagbag.py:540} INFO - Filling up the DagBag from /opt/airflow/dags/dag_with_catchup_and_backfill.py
[2024-04-11T17:51:23.643+0000] {processor.py:840} INFO - DAG(s) 'dag_with_catchup_and_backfill_v02' retrieved from /opt/airflow/dags/dag_with_catchup_and_backfill.py
[2024-04-11T17:51:23.695+0000] {logging_mixin.py:188} INFO - [2024-04-11T17:51:23.694+0000] {dag.py:3096} INFO - Sync 1 DAGs
[2024-04-11T17:51:23.725+0000] {logging_mixin.py:188} INFO - [2024-04-11T17:51:23.725+0000] {dag.py:3954} INFO - Setting next_dagrun for dag_with_catchup_and_backfill_v02 to 2024-04-10 00:00:00+00:00, run_after=2024-04-11 00:00:00+00:00
[2024-04-11T17:51:23.800+0000] {processor.py:183} INFO - Processing /opt/airflow/dags/dag_with_catchup_and_backfill.py took 0.230 seconds
[2024-04-11T17:51:54.608+0000] {processor.py:161} INFO - Started process (PID=731) to work on /opt/airflow/dags/dag_with_catchup_and_backfill.py
[2024-04-11T17:51:54.609+0000] {processor.py:830} INFO - Processing file /opt/airflow/dags/dag_with_catchup_and_backfill.py for tasks to queue
[2024-04-11T17:51:54.611+0000] {logging_mixin.py:188} INFO - [2024-04-11T17:51:54.610+0000] {dagbag.py:540} INFO - Filling up the DagBag from /opt/airflow/dags/dag_with_catchup_and_backfill.py
[2024-04-11T17:51:54.617+0000] {processor.py:840} INFO - DAG(s) 'dag_with_catchup_and_backfill_v02' retrieved from /opt/airflow/dags/dag_with_catchup_and_backfill.py
[2024-04-11T17:51:54.637+0000] {logging_mixin.py:188} INFO - [2024-04-11T17:51:54.637+0000] {dag.py:3096} INFO - Sync 1 DAGs
[2024-04-11T17:51:54.648+0000] {logging_mixin.py:188} INFO - [2024-04-11T17:51:54.648+0000] {dag.py:3954} INFO - Setting next_dagrun for dag_with_catchup_and_backfill_v02 to 2024-04-10 00:00:00+00:00, run_after=2024-04-11 00:00:00+00:00
[2024-04-11T17:51:54.655+0000] {processor.py:183} INFO - Processing /opt/airflow/dags/dag_with_catchup_and_backfill.py took 0.051 seconds
[2024-04-11T17:52:25.145+0000] {processor.py:161} INFO - Started process (PID=777) to work on /opt/airflow/dags/dag_with_catchup_and_backfill.py
[2024-04-11T17:52:25.146+0000] {processor.py:830} INFO - Processing file /opt/airflow/dags/dag_with_catchup_and_backfill.py for tasks to queue
[2024-04-11T17:52:25.148+0000] {logging_mixin.py:188} INFO - [2024-04-11T17:52:25.147+0000] {dagbag.py:540} INFO - Filling up the DagBag from /opt/airflow/dags/dag_with_catchup_and_backfill.py
[2024-04-11T17:52:25.154+0000] {processor.py:840} INFO - DAG(s) 'dag_with_catchup_and_backfill_v02' retrieved from /opt/airflow/dags/dag_with_catchup_and_backfill.py
[2024-04-11T17:52:25.167+0000] {logging_mixin.py:188} INFO - [2024-04-11T17:52:25.167+0000] {dag.py:3096} INFO - Sync 1 DAGs
[2024-04-11T17:52:25.178+0000] {logging_mixin.py:188} INFO - [2024-04-11T17:52:25.177+0000] {dag.py:3954} INFO - Setting next_dagrun for dag_with_catchup_and_backfill_v02 to 2024-04-10 00:00:00+00:00, run_after=2024-04-11 00:00:00+00:00
[2024-04-11T17:52:25.185+0000] {processor.py:183} INFO - Processing /opt/airflow/dags/dag_with_catchup_and_backfill.py took 0.045 seconds
[2024-04-11T17:54:51.935+0000] {processor.py:161} INFO - Started process (PID=191) to work on /opt/airflow/dags/dag_with_catchup_and_backfill.py
[2024-04-11T17:54:51.936+0000] {processor.py:830} INFO - Processing file /opt/airflow/dags/dag_with_catchup_and_backfill.py for tasks to queue
[2024-04-11T17:54:51.940+0000] {logging_mixin.py:188} INFO - [2024-04-11T17:54:51.940+0000] {dagbag.py:540} INFO - Filling up the DagBag from /opt/airflow/dags/dag_with_catchup_and_backfill.py
[2024-04-11T17:54:51.949+0000] {processor.py:840} INFO - DAG(s) 'dag_with_catchup_and_backfill_v02' retrieved from /opt/airflow/dags/dag_with_catchup_and_backfill.py
[2024-04-11T17:54:52.003+0000] {logging_mixin.py:188} INFO - [2024-04-11T17:54:52.003+0000] {dag.py:3096} INFO - Sync 1 DAGs
[2024-04-11T17:54:52.022+0000] {logging_mixin.py:188} INFO - [2024-04-11T17:54:52.021+0000] {dag.py:3954} INFO - Setting next_dagrun for dag_with_catchup_and_backfill_v02 to 2024-04-10 00:00:00+00:00, run_after=2024-04-11 00:00:00+00:00
[2024-04-11T17:54:52.040+0000] {processor.py:183} INFO - Processing /opt/airflow/dags/dag_with_catchup_and_backfill.py took 0.112 seconds
