[2024-04-11T17:50:19.774+0000] {processor.py:161} INFO - Started process (PID=176) to work on /opt/airflow/dags/dag_with_python_operators.py
[2024-04-11T17:50:19.774+0000] {processor.py:830} INFO - Processing file /opt/airflow/dags/dag_with_python_operators.py for tasks to queue
[2024-04-11T17:50:19.775+0000] {logging_mixin.py:188} INFO - [2024-04-11T17:50:19.775+0000] {dagbag.py:540} INFO - Filling up the DagBag from /opt/airflow/dags/dag_with_python_operators.py
[2024-04-11T17:50:19.783+0000] {processor.py:840} INFO - DAG(s) 'our_dag_with_python_operator_v06' retrieved from /opt/airflow/dags/dag_with_python_operators.py
[2024-04-11T17:50:19.842+0000] {logging_mixin.py:188} INFO - [2024-04-11T17:50:19.841+0000] {override.py:1829} INFO - Created Permission View: can read on DAG:our_dag_with_python_operator_v06
[2024-04-11T17:50:19.846+0000] {logging_mixin.py:188} INFO - [2024-04-11T17:50:19.846+0000] {override.py:1829} INFO - Created Permission View: can delete on DAG:our_dag_with_python_operator_v06
[2024-04-11T17:50:19.848+0000] {logging_mixin.py:188} INFO - [2024-04-11T17:50:19.848+0000] {override.py:1829} INFO - Created Permission View: can edit on DAG:our_dag_with_python_operator_v06
[2024-04-11T17:50:19.848+0000] {logging_mixin.py:188} INFO - [2024-04-11T17:50:19.848+0000] {dag.py:3096} INFO - Sync 1 DAGs
[2024-04-11T17:50:19.854+0000] {logging_mixin.py:188} INFO - [2024-04-11T17:50:19.854+0000] {dag.py:3118} INFO - Creating ORM DAG for our_dag_with_python_operator_v06
[2024-04-11T17:50:19.859+0000] {logging_mixin.py:188} INFO - [2024-04-11T17:50:19.859+0000] {dag.py:3954} INFO - Setting next_dagrun for our_dag_with_python_operator_v06 to 2024-01-01 00:00:00+00:00, run_after=2024-01-02 00:00:00+00:00
[2024-04-11T17:50:19.865+0000] {processor.py:183} INFO - Processing /opt/airflow/dags/dag_with_python_operators.py took 0.095 seconds
[2024-04-11T17:50:50.117+0000] {processor.py:161} INFO - Started process (PID=222) to work on /opt/airflow/dags/dag_with_python_operators.py
[2024-04-11T17:50:50.118+0000] {processor.py:830} INFO - Processing file /opt/airflow/dags/dag_with_python_operators.py for tasks to queue
[2024-04-11T17:50:50.120+0000] {logging_mixin.py:188} INFO - [2024-04-11T17:50:50.120+0000] {dagbag.py:540} INFO - Filling up the DagBag from /opt/airflow/dags/dag_with_python_operators.py
[2024-04-11T17:50:50.130+0000] {processor.py:840} INFO - DAG(s) 'our_dag_with_python_operator_v06' retrieved from /opt/airflow/dags/dag_with_python_operators.py
[2024-04-11T17:50:50.146+0000] {logging_mixin.py:188} INFO - [2024-04-11T17:50:50.145+0000] {dag.py:3096} INFO - Sync 1 DAGs
[2024-04-11T17:50:50.155+0000] {logging_mixin.py:188} INFO - [2024-04-11T17:50:50.155+0000] {dag.py:3954} INFO - Setting next_dagrun for our_dag_with_python_operator_v06 to 2024-01-01 00:00:00+00:00, run_after=2024-01-02 00:00:00+00:00
[2024-04-11T17:50:50.163+0000] {processor.py:183} INFO - Processing /opt/airflow/dags/dag_with_python_operators.py took 0.049 seconds
[2024-04-11T17:51:22.312+0000] {processor.py:161} INFO - Started process (PID=613) to work on /opt/airflow/dags/dag_with_python_operators.py
[2024-04-11T17:51:22.323+0000] {processor.py:830} INFO - Processing file /opt/airflow/dags/dag_with_python_operators.py for tasks to queue
[2024-04-11T17:51:22.351+0000] {logging_mixin.py:188} INFO - [2024-04-11T17:51:22.350+0000] {dagbag.py:540} INFO - Filling up the DagBag from /opt/airflow/dags/dag_with_python_operators.py
[2024-04-11T17:51:22.489+0000] {processor.py:840} INFO - DAG(s) 'our_dag_with_python_operator_v06' retrieved from /opt/airflow/dags/dag_with_python_operators.py
[2024-04-11T17:51:22.614+0000] {logging_mixin.py:188} INFO - [2024-04-11T17:51:22.613+0000] {dag.py:3096} INFO - Sync 1 DAGs
[2024-04-11T17:51:22.751+0000] {logging_mixin.py:188} INFO - [2024-04-11T17:51:22.751+0000] {dag.py:3954} INFO - Setting next_dagrun for our_dag_with_python_operator_v06 to 2024-01-01 00:00:00+00:00, run_after=2024-01-02 00:00:00+00:00
[2024-04-11T17:51:22.883+0000] {processor.py:183} INFO - Processing /opt/airflow/dags/dag_with_python_operators.py took 0.621 seconds
[2024-04-11T17:51:53.413+0000] {processor.py:161} INFO - Started process (PID=716) to work on /opt/airflow/dags/dag_with_python_operators.py
[2024-04-11T17:51:53.414+0000] {processor.py:830} INFO - Processing file /opt/airflow/dags/dag_with_python_operators.py for tasks to queue
[2024-04-11T17:51:53.416+0000] {logging_mixin.py:188} INFO - [2024-04-11T17:51:53.416+0000] {dagbag.py:540} INFO - Filling up the DagBag from /opt/airflow/dags/dag_with_python_operators.py
[2024-04-11T17:51:53.429+0000] {processor.py:840} INFO - DAG(s) 'our_dag_with_python_operator_v06' retrieved from /opt/airflow/dags/dag_with_python_operators.py
[2024-04-11T17:51:53.451+0000] {logging_mixin.py:188} INFO - [2024-04-11T17:51:53.450+0000] {dag.py:3096} INFO - Sync 1 DAGs
[2024-04-11T17:51:53.464+0000] {logging_mixin.py:188} INFO - [2024-04-11T17:51:53.464+0000] {dag.py:3954} INFO - Setting next_dagrun for our_dag_with_python_operator_v06 to 2024-01-01 00:00:00+00:00, run_after=2024-01-02 00:00:00+00:00
[2024-04-11T17:51:53.473+0000] {processor.py:183} INFO - Processing /opt/airflow/dags/dag_with_python_operators.py took 0.069 seconds
[2024-04-11T17:52:24.046+0000] {processor.py:161} INFO - Started process (PID=762) to work on /opt/airflow/dags/dag_with_python_operators.py
[2024-04-11T17:52:24.048+0000] {processor.py:830} INFO - Processing file /opt/airflow/dags/dag_with_python_operators.py for tasks to queue
[2024-04-11T17:52:24.049+0000] {logging_mixin.py:188} INFO - [2024-04-11T17:52:24.049+0000] {dagbag.py:540} INFO - Filling up the DagBag from /opt/airflow/dags/dag_with_python_operators.py
[2024-04-11T17:52:24.059+0000] {processor.py:840} INFO - DAG(s) 'our_dag_with_python_operator_v06' retrieved from /opt/airflow/dags/dag_with_python_operators.py
[2024-04-11T17:52:24.082+0000] {logging_mixin.py:188} INFO - [2024-04-11T17:52:24.081+0000] {dag.py:3096} INFO - Sync 1 DAGs
[2024-04-11T17:52:24.093+0000] {logging_mixin.py:188} INFO - [2024-04-11T17:52:24.093+0000] {dag.py:3954} INFO - Setting next_dagrun for our_dag_with_python_operator_v06 to 2024-01-01 00:00:00+00:00, run_after=2024-01-02 00:00:00+00:00
[2024-04-11T17:52:24.101+0000] {processor.py:183} INFO - Processing /opt/airflow/dags/dag_with_python_operators.py took 0.062 seconds
[2024-04-11T17:54:51.642+0000] {processor.py:161} INFO - Started process (PID=176) to work on /opt/airflow/dags/dag_with_python_operators.py
[2024-04-11T17:54:51.644+0000] {processor.py:830} INFO - Processing file /opt/airflow/dags/dag_with_python_operators.py for tasks to queue
[2024-04-11T17:54:51.646+0000] {logging_mixin.py:188} INFO - [2024-04-11T17:54:51.645+0000] {dagbag.py:540} INFO - Filling up the DagBag from /opt/airflow/dags/dag_with_python_operators.py
[2024-04-11T17:54:51.658+0000] {processor.py:840} INFO - DAG(s) 'our_dag_with_python_operator_v06' retrieved from /opt/airflow/dags/dag_with_python_operators.py
[2024-04-11T17:54:51.745+0000] {logging_mixin.py:188} INFO - [2024-04-11T17:54:51.745+0000] {dag.py:3096} INFO - Sync 1 DAGs
[2024-04-11T17:54:51.756+0000] {logging_mixin.py:188} INFO - [2024-04-11T17:54:51.755+0000] {dag.py:3954} INFO - Setting next_dagrun for our_dag_with_python_operator_v06 to 2024-01-01 00:00:00+00:00, run_after=2024-01-02 00:00:00+00:00
[2024-04-11T17:54:51.779+0000] {processor.py:183} INFO - Processing /opt/airflow/dags/dag_with_python_operators.py took 0.144 seconds
