[2024-04-11T17:50:20.352+0000] {processor.py:161} INFO - Started process (PID=199) to work on /opt/airflow/dags/first_dag.py
[2024-04-11T17:50:20.354+0000] {processor.py:830} INFO - Processing file /opt/airflow/dags/first_dag.py for tasks to queue
[2024-04-11T17:50:20.357+0000] {logging_mixin.py:188} INFO - [2024-04-11T17:50:20.357+0000] {dagbag.py:540} INFO - Filling up the DagBag from /opt/airflow/dags/first_dag.py
[2024-04-11T17:50:20.390+0000] {processor.py:840} INFO - DAG(s) 'first_dag_v3' retrieved from /opt/airflow/dags/first_dag.py
[2024-04-11T17:50:20.513+0000] {logging_mixin.py:188} INFO - [2024-04-11T17:50:20.512+0000] {override.py:1829} INFO - Created Permission View: can read on DAG:first_dag_v3
[2024-04-11T17:50:20.519+0000] {logging_mixin.py:188} INFO - [2024-04-11T17:50:20.519+0000] {override.py:1829} INFO - Created Permission View: can delete on DAG:first_dag_v3
[2024-04-11T17:50:20.523+0000] {logging_mixin.py:188} INFO - [2024-04-11T17:50:20.523+0000] {override.py:1829} INFO - Created Permission View: can edit on DAG:first_dag_v3
[2024-04-11T17:50:20.524+0000] {logging_mixin.py:188} INFO - [2024-04-11T17:50:20.524+0000] {dag.py:3096} INFO - Sync 1 DAGs
[2024-04-11T17:50:20.532+0000] {logging_mixin.py:188} INFO - [2024-04-11T17:50:20.532+0000] {dag.py:3118} INFO - Creating ORM DAG for first_dag_v3
[2024-04-11T17:50:20.545+0000] {logging_mixin.py:188} INFO - [2024-04-11T17:50:20.544+0000] {dag.py:3954} INFO - Setting next_dagrun for first_dag_v3 to 2024-01-01 00:00:00+00:00, run_after=2024-01-02 00:00:00+00:00
[2024-04-11T17:50:20.560+0000] {processor.py:183} INFO - Processing /opt/airflow/dags/first_dag.py took 0.220 seconds
[2024-04-11T17:50:51.278+0000] {processor.py:161} INFO - Started process (PID=245) to work on /opt/airflow/dags/first_dag.py
[2024-04-11T17:50:51.279+0000] {processor.py:830} INFO - Processing file /opt/airflow/dags/first_dag.py for tasks to queue
[2024-04-11T17:50:51.283+0000] {logging_mixin.py:188} INFO - [2024-04-11T17:50:51.282+0000] {dagbag.py:540} INFO - Filling up the DagBag from /opt/airflow/dags/first_dag.py
[2024-04-11T17:50:51.299+0000] {processor.py:840} INFO - DAG(s) 'first_dag_v3' retrieved from /opt/airflow/dags/first_dag.py
[2024-04-11T17:50:51.327+0000] {logging_mixin.py:188} INFO - [2024-04-11T17:50:51.327+0000] {dag.py:3096} INFO - Sync 1 DAGs
[2024-04-11T17:50:51.357+0000] {logging_mixin.py:188} INFO - [2024-04-11T17:50:51.356+0000] {dag.py:3954} INFO - Setting next_dagrun for first_dag_v3 to 2024-01-03 00:00:00+00:00, run_after=2024-01-04 00:00:00+00:00
[2024-04-11T17:50:51.388+0000] {processor.py:183} INFO - Processing /opt/airflow/dags/first_dag.py took 0.115 seconds
[2024-04-11T17:51:24.505+0000] {processor.py:161} INFO - Started process (PID=658) to work on /opt/airflow/dags/first_dag.py
[2024-04-11T17:51:24.507+0000] {processor.py:830} INFO - Processing file /opt/airflow/dags/first_dag.py for tasks to queue
[2024-04-11T17:51:24.512+0000] {logging_mixin.py:188} INFO - [2024-04-11T17:51:24.511+0000] {dagbag.py:540} INFO - Filling up the DagBag from /opt/airflow/dags/first_dag.py
[2024-04-11T17:51:24.630+0000] {processor.py:840} INFO - DAG(s) 'first_dag_v3' retrieved from /opt/airflow/dags/first_dag.py
[2024-04-11T17:51:24.817+0000] {logging_mixin.py:188} INFO - [2024-04-11T17:51:24.811+0000] {dag.py:3096} INFO - Sync 1 DAGs
[2024-04-11T17:51:25.015+0000] {logging_mixin.py:188} INFO - [2024-04-11T17:51:25.012+0000] {dag.py:3954} INFO - Setting next_dagrun for first_dag_v3 to 2024-01-25 00:00:00+00:00, run_after=2024-01-26 00:00:00+00:00
[2024-04-11T17:51:25.091+0000] {processor.py:183} INFO - Processing /opt/airflow/dags/first_dag.py took 0.769 seconds
[2024-04-11T17:51:55.669+0000] {processor.py:161} INFO - Started process (PID=739) to work on /opt/airflow/dags/first_dag.py
[2024-04-11T17:51:55.670+0000] {processor.py:830} INFO - Processing file /opt/airflow/dags/first_dag.py for tasks to queue
[2024-04-11T17:51:55.675+0000] {logging_mixin.py:188} INFO - [2024-04-11T17:51:55.674+0000] {dagbag.py:540} INFO - Filling up the DagBag from /opt/airflow/dags/first_dag.py
[2024-04-11T17:51:55.694+0000] {processor.py:840} INFO - DAG(s) 'first_dag_v3' retrieved from /opt/airflow/dags/first_dag.py
[2024-04-11T17:51:55.713+0000] {logging_mixin.py:188} INFO - [2024-04-11T17:51:55.713+0000] {dag.py:3096} INFO - Sync 1 DAGs
[2024-04-11T17:51:55.726+0000] {logging_mixin.py:188} INFO - [2024-04-11T17:51:55.726+0000] {dag.py:3954} INFO - Setting next_dagrun for first_dag_v3 to 2024-01-25 00:00:00+00:00, run_after=2024-01-26 00:00:00+00:00
[2024-04-11T17:51:55.739+0000] {processor.py:183} INFO - Processing /opt/airflow/dags/first_dag.py took 0.081 seconds
[2024-04-11T17:52:26.181+0000] {processor.py:161} INFO - Started process (PID=785) to work on /opt/airflow/dags/first_dag.py
[2024-04-11T17:52:26.185+0000] {processor.py:830} INFO - Processing file /opt/airflow/dags/first_dag.py for tasks to queue
[2024-04-11T17:52:26.187+0000] {logging_mixin.py:188} INFO - [2024-04-11T17:52:26.186+0000] {dagbag.py:540} INFO - Filling up the DagBag from /opt/airflow/dags/first_dag.py
[2024-04-11T17:52:26.198+0000] {processor.py:840} INFO - DAG(s) 'first_dag_v3' retrieved from /opt/airflow/dags/first_dag.py
[2024-04-11T17:52:26.214+0000] {logging_mixin.py:188} INFO - [2024-04-11T17:52:26.214+0000] {dag.py:3096} INFO - Sync 1 DAGs
[2024-04-11T17:52:26.228+0000] {logging_mixin.py:188} INFO - [2024-04-11T17:52:26.228+0000] {dag.py:3954} INFO - Setting next_dagrun for first_dag_v3 to 2024-01-25 00:00:00+00:00, run_after=2024-01-26 00:00:00+00:00
[2024-04-11T17:52:26.242+0000] {processor.py:183} INFO - Processing /opt/airflow/dags/first_dag.py took 0.068 seconds
[2024-04-11T17:54:52.058+0000] {processor.py:161} INFO - Started process (PID=199) to work on /opt/airflow/dags/first_dag.py
[2024-04-11T17:54:52.058+0000] {processor.py:830} INFO - Processing file /opt/airflow/dags/first_dag.py for tasks to queue
[2024-04-11T17:54:52.060+0000] {logging_mixin.py:188} INFO - [2024-04-11T17:54:52.059+0000] {dagbag.py:540} INFO - Filling up the DagBag from /opt/airflow/dags/first_dag.py
[2024-04-11T17:54:52.067+0000] {processor.py:840} INFO - DAG(s) 'first_dag_v3' retrieved from /opt/airflow/dags/first_dag.py
[2024-04-11T17:54:52.114+0000] {logging_mixin.py:188} INFO - [2024-04-11T17:54:52.114+0000] {dag.py:3096} INFO - Sync 1 DAGs
[2024-04-11T17:54:52.123+0000] {logging_mixin.py:188} INFO - [2024-04-11T17:54:52.123+0000] {dag.py:3954} INFO - Setting next_dagrun for first_dag_v3 to 2024-01-25 00:00:00+00:00, run_after=2024-01-26 00:00:00+00:00
[2024-04-11T17:54:52.130+0000] {processor.py:183} INFO - Processing /opt/airflow/dags/first_dag.py took 0.076 seconds
