[2024-04-11T14:51:58.581+0000] {local_task_job_runner.py:120} INFO - ::group::Pre task execution logs
[2024-04-11T14:51:58.589+0000] {taskinstance.py:2073} INFO - Dependencies all met for dep_context=non-requeueable deps ti=<TaskInstance: dag_with_gg_bigquery_v03.create_dataset scheduled__2024-04-09T17:00:00+00:00 [queued]>
[2024-04-11T14:51:58.593+0000] {taskinstance.py:2073} INFO - Dependencies all met for dep_context=requeueable deps ti=<TaskInstance: dag_with_gg_bigquery_v03.create_dataset scheduled__2024-04-09T17:00:00+00:00 [queued]>
[2024-04-11T14:51:58.594+0000] {taskinstance.py:2303} INFO - Starting attempt 1 of 2
[2024-04-11T14:51:58.599+0000] {taskinstance.py:2327} INFO - Executing <Task(BigQueryCreateEmptyDatasetOperator): create_dataset> on 2024-04-09 17:00:00+00:00
[2024-04-11T14:51:58.605+0000] {standard_task_runner.py:90} INFO - Running: ['***', 'tasks', 'run', 'dag_with_gg_bigquery_v03', 'create_dataset', 'scheduled__2024-04-09T17:00:00+00:00', '--job-id', '15', '--raw', '--subdir', 'DAGS_FOLDER/dag_with_gg_bigquery.py', '--cfg-path', '/tmp/tmpyfysyh3r']
[2024-04-11T14:51:58.608+0000] {standard_task_runner.py:91} INFO - Job 15: Subtask create_dataset
[2024-04-11T14:51:58.608+0000] {logging_mixin.py:188} WARNING - /home/***/.local/lib/python3.12/site-packages/***/task/task_runner/standard_task_runner.py:61 DeprecationWarning: This process (pid=3710) is multi-threaded, use of fork() may lead to deadlocks in the child.
[2024-04-11T14:51:58.609+0000] {standard_task_runner.py:63} INFO - Started process 3712 to run task
[2024-04-11T14:51:58.635+0000] {task_command.py:426} INFO - Running <TaskInstance: dag_with_gg_bigquery_v03.create_dataset scheduled__2024-04-09T17:00:00+00:00 [running]> on host a4f2bd86ee13
[2024-04-11T14:51:58.683+0000] {taskinstance.py:2644} INFO - Exporting env vars: AIRFLOW_CTX_DAG_OWNER='duy' AIRFLOW_CTX_DAG_ID='dag_with_gg_bigquery_v03' AIRFLOW_CTX_TASK_ID='create_dataset' AIRFLOW_CTX_EXECUTION_DATE='2024-04-09T17:00:00+00:00' AIRFLOW_CTX_TRY_NUMBER='1' AIRFLOW_CTX_DAG_RUN_ID='scheduled__2024-04-09T17:00:00+00:00'
[2024-04-11T14:51:58.684+0000] {taskinstance.py:430} INFO - ::endgroup::
[2024-04-11T14:51:58.697+0000] {connection.py:274} WARNING - Connection schemes (type: google_cloud_platform) shall not contain '_' according to RFC3986.
[2024-04-11T14:51:58.697+0000] {base.py:84} INFO - Using connection ID 'gcp' for task execution.
[2024-04-11T14:51:58.736+0000] {bigquery.py:470} INFO - datasetId was not specified in `dataset_reference`. Will use default value retail.
[2024-04-11T14:51:58.736+0000] {bigquery.py:470} INFO - projectId was not specified in `dataset_reference`. Will use default value ***-projecct.
[2024-04-11T14:51:58.736+0000] {bigquery.py:481} INFO - Creating dataset: retail in project: ***-projecct 
[2024-04-11T14:51:59.628+0000] {bigquery.py:2045} INFO - Dataset retail already exists.
[2024-04-11T14:51:59.687+0000] {taskinstance.py:441} INFO - ::group::Post task execution logs
[2024-04-11T14:51:59.703+0000] {taskinstance.py:1205} INFO - Marking task as SUCCESS. dag_id=dag_with_gg_bigquery_v03, task_id=create_dataset, execution_date=20240409T170000, start_date=20240411T145158, end_date=20240411T145159
[2024-04-11T14:51:59.747+0000] {local_task_job_runner.py:240} INFO - Task exited with return code 0
[2024-04-11T14:51:59.773+0000] {taskinstance.py:3482} INFO - 1 downstream tasks scheduled from follow-on schedule check
[2024-04-11T14:51:59.774+0000] {local_task_job_runner.py:222} INFO - ::endgroup::
