[2024-04-11T15:05:42.921+0000] {local_task_job_runner.py:120} INFO - ::group::Pre task execution logs
[2024-04-11T15:05:42.933+0000] {taskinstance.py:2073} INFO - Dependencies all met for dep_context=non-requeueable deps ti=<TaskInstance: dag_with_gg_bigquery_v04.load_csv_to_bigquery scheduled__2024-04-09T17:00:00+00:00 [queued]>
[2024-04-11T15:05:42.937+0000] {taskinstance.py:2073} INFO - Dependencies all met for dep_context=requeueable deps ti=<TaskInstance: dag_with_gg_bigquery_v04.load_csv_to_bigquery scheduled__2024-04-09T17:00:00+00:00 [queued]>
[2024-04-11T15:05:42.937+0000] {taskinstance.py:2303} INFO - Starting attempt 3 of 4
[2024-04-11T15:05:42.943+0000] {taskinstance.py:2327} INFO - Executing <Task(GCSToBigQueryOperator): load_csv_to_bigquery> on 2024-04-09 17:00:00+00:00
[2024-04-11T15:05:42.953+0000] {logging_mixin.py:188} WARNING - /home/***/.local/lib/python3.12/site-packages/***/task/task_runner/standard_task_runner.py:61 DeprecationWarning: This process (pid=4601) is multi-threaded, use of fork() may lead to deadlocks in the child.
[2024-04-11T15:05:42.951+0000] {standard_task_runner.py:90} INFO - Running: ['***', 'tasks', 'run', 'dag_with_gg_bigquery_v04', 'load_csv_to_bigquery', 'scheduled__2024-04-09T17:00:00+00:00', '--job-id', '25', '--raw', '--subdir', 'DAGS_FOLDER/dag_with_gg_bigquery.py', '--cfg-path', '/tmp/tmpqg01grr3']
[2024-04-11T15:05:42.953+0000] {standard_task_runner.py:91} INFO - Job 25: Subtask load_csv_to_bigquery
[2024-04-11T15:05:42.953+0000] {standard_task_runner.py:63} INFO - Started process 4603 to run task
[2024-04-11T15:05:42.982+0000] {task_command.py:426} INFO - Running <TaskInstance: dag_with_gg_bigquery_v04.load_csv_to_bigquery scheduled__2024-04-09T17:00:00+00:00 [running]> on host a4f2bd86ee13
[2024-04-11T15:05:43.032+0000] {taskinstance.py:2644} INFO - Exporting env vars: AIRFLOW_CTX_DAG_OWNER='duy' AIRFLOW_CTX_DAG_ID='dag_with_gg_bigquery_v04' AIRFLOW_CTX_TASK_ID='load_csv_to_bigquery' AIRFLOW_CTX_EXECUTION_DATE='2024-04-09T17:00:00+00:00' AIRFLOW_CTX_TRY_NUMBER='3' AIRFLOW_CTX_DAG_RUN_ID='scheduled__2024-04-09T17:00:00+00:00'
[2024-04-11T15:05:43.034+0000] {taskinstance.py:430} INFO - ::endgroup::
[2024-04-11T15:05:43.047+0000] {connection.py:274} WARNING - Connection schemes (type: google_cloud_platform) shall not contain '_' according to RFC3986.
[2024-04-11T15:05:43.047+0000] {base.py:84} INFO - Using connection ID 'gcp' for task execution.
[2024-04-11T15:05:43.048+0000] {gcs_to_bigquery.py:379} INFO - Using existing BigQuery table for storing data...
[2024-04-11T15:05:43.087+0000] {bigquery.py:2328} INFO - Project is not included in destination_project_dataset_table: retail.online_retail; using project "***-projecct"
[2024-04-11T15:05:43.087+0000] {gcs_to_bigquery.py:383} INFO - Executing: {'load': {'autodetect': True, 'createDisposition': 'CREATE_IF_NEEDED', 'destinationTable': {'projectId': '***-projecct', 'datasetId': 'retail', 'tableId': 'online_retail'}, 'sourceFormat': 'CSV', 'sourceUris': ['gs://***_online_retail_lab7/raw/online_retail.csv'], 'writeDisposition': 'WRITE_EMPTY', 'ignoreUnknownValues': False, 'skipLeadingRows': 1, 'fieldDelimiter': ',', 'quote': None, 'allowQuotedNewlines': False, 'encoding': 'UTF-8'}}
[2024-04-11T15:05:43.088+0000] {bigquery.py:1613} INFO - Inserting job ***_dag_with_gg_bigquery_v04_load_csv_to_bigquery_2024_04_09T17_00_00_00_00_aecd4db77a7e9afb51845c7c2ac5d1fe
[2024-04-11T15:06:18.067+0000] {taskinstance.py:441} INFO - ::group::Post task execution logs
[2024-04-11T15:06:18.135+0000] {taskinstance.py:1205} INFO - Marking task as SUCCESS. dag_id=dag_with_gg_bigquery_v04, task_id=load_csv_to_bigquery, execution_date=20240409T170000, start_date=20240411T150542, end_date=20240411T150618
[2024-04-11T15:06:18.220+0000] {local_task_job_runner.py:240} INFO - Task exited with return code 0
[2024-04-11T15:06:18.281+0000] {taskinstance.py:3482} INFO - 0 downstream tasks scheduled from follow-on schedule check
[2024-04-11T15:06:18.284+0000] {local_task_job_runner.py:222} INFO - ::endgroup::
