[2024-04-11T17:50:53.095+0000] {local_task_job_runner.py:120} INFO - ::group::Pre task execution logs
[2024-04-11T17:50:53.143+0000] {taskinstance.py:2073} INFO - Dependencies all met for dep_context=non-requeueable deps ti=<TaskInstance: first_dag_v3.first_task scheduled__2024-01-08T00:00:00+00:00 [queued]>
[2024-04-11T17:50:53.151+0000] {taskinstance.py:2073} INFO - Dependencies all met for dep_context=requeueable deps ti=<TaskInstance: first_dag_v3.first_task scheduled__2024-01-08T00:00:00+00:00 [queued]>
[2024-04-11T17:50:53.152+0000] {taskinstance.py:2303} INFO - Starting attempt 1 of 6
[2024-04-11T17:50:53.325+0000] {taskinstance.py:2327} INFO - Executing <Task(BashOperator): first_task> on 2024-01-08 00:00:00+00:00
[2024-04-11T17:50:53.353+0000] {logging_mixin.py:188} WARNING - /home/***/.local/lib/python3.12/site-packages/***/task/task_runner/standard_task_runner.py:61 DeprecationWarning: This process (pid=277) is multi-threaded, use of fork() may lead to deadlocks in the child.
[2024-04-11T17:50:53.362+0000] {standard_task_runner.py:63} INFO - Started process 287 to run task
[2024-04-11T17:50:53.352+0000] {standard_task_runner.py:90} INFO - Running: ['***', 'tasks', 'run', 'first_dag_v3', 'first_task', 'scheduled__2024-01-08T00:00:00+00:00', '--job-id', '14', '--raw', '--subdir', 'DAGS_FOLDER/first_dag.py', '--cfg-path', '/tmp/tmphgiotkzj']
[2024-04-11T17:50:53.364+0000] {standard_task_runner.py:91} INFO - Job 14: Subtask first_task
[2024-04-11T17:50:53.522+0000] {task_command.py:426} INFO - Running <TaskInstance: first_dag_v3.first_task scheduled__2024-01-08T00:00:00+00:00 [running]> on host caed5d205145
[2024-04-11T17:50:53.786+0000] {taskinstance.py:2644} INFO - Exporting env vars: AIRFLOW_CTX_DAG_OWNER='duy' AIRFLOW_CTX_DAG_ID='first_dag_v3' AIRFLOW_CTX_TASK_ID='first_task' AIRFLOW_CTX_EXECUTION_DATE='2024-01-08T00:00:00+00:00' AIRFLOW_CTX_TRY_NUMBER='1' AIRFLOW_CTX_DAG_RUN_ID='scheduled__2024-01-08T00:00:00+00:00'
[2024-04-11T17:50:53.789+0000] {taskinstance.py:430} INFO - ::endgroup::
[2024-04-11T17:50:53.814+0000] {subprocess.py:63} INFO - Tmp dir root location: /tmp
[2024-04-11T17:50:53.817+0000] {subprocess.py:75} INFO - Running command: ['/usr/bin/bash', '-c', 'echo "Hello everyone! This is my first DAG in Airflow"']
[2024-04-11T17:50:53.835+0000] {subprocess.py:86} INFO - Output:
[2024-04-11T17:50:53.837+0000] {subprocess.py:93} INFO - Hello everyone! This is my first DAG in Airflow
[2024-04-11T17:50:53.838+0000] {subprocess.py:97} INFO - Command exited with return code 0
[2024-04-11T17:50:53.839+0000] {taskinstance.py:441} INFO - ::group::Post task execution logs
[2024-04-11T17:50:53.947+0000] {taskinstance.py:1205} INFO - Marking task as SUCCESS. dag_id=first_dag_v3, task_id=first_task, execution_date=20240108T000000, start_date=20240411T175053, end_date=20240411T175053
[2024-04-11T17:50:54.135+0000] {local_task_job_runner.py:240} INFO - Task exited with return code 0
[2024-04-11T17:50:54.348+0000] {taskinstance.py:3482} INFO - 0 downstream tasks scheduled from follow-on schedule check
[2024-04-11T17:50:54.366+0000] {local_task_job_runner.py:222} INFO - ::endgroup::
