[2024-04-11T14:52:00.485+0000] {local_task_job_runner.py:120} INFO - ::group::Pre task execution logs
[2024-04-11T14:52:00.494+0000] {taskinstance.py:2073} INFO - Dependencies all met for dep_context=non-requeueable deps ti=<TaskInstance: dag_with_gg_bigquery_v03.load_csv_to_bigquery scheduled__2024-04-09T17:00:00+00:00 [queued]>
[2024-04-11T14:52:00.498+0000] {taskinstance.py:2073} INFO - Dependencies all met for dep_context=requeueable deps ti=<TaskInstance: dag_with_gg_bigquery_v03.load_csv_to_bigquery scheduled__2024-04-09T17:00:00+00:00 [queued]>
[2024-04-11T14:52:00.499+0000] {taskinstance.py:2303} INFO - Starting attempt 1 of 2
[2024-04-11T14:52:00.504+0000] {taskinstance.py:2327} INFO - Executing <Task(GCSToBigQueryOperator): load_csv_to_bigquery> on 2024-04-09 17:00:00+00:00
[2024-04-11T14:52:00.512+0000] {logging_mixin.py:188} WARNING - /home/***/.local/lib/python3.12/site-packages/***/task/task_runner/standard_task_runner.py:61 DeprecationWarning: This process (pid=3713) is multi-threaded, use of fork() may lead to deadlocks in the child.
[2024-04-11T14:52:00.511+0000] {standard_task_runner.py:90} INFO - Running: ['***', 'tasks', 'run', 'dag_with_gg_bigquery_v03', 'load_csv_to_bigquery', 'scheduled__2024-04-09T17:00:00+00:00', '--job-id', '16', '--raw', '--subdir', 'DAGS_FOLDER/dag_with_gg_bigquery.py', '--cfg-path', '/tmp/tmpuf4z3ipi']
[2024-04-11T14:52:00.513+0000] {standard_task_runner.py:91} INFO - Job 16: Subtask load_csv_to_bigquery
[2024-04-11T14:52:00.513+0000] {standard_task_runner.py:63} INFO - Started process 3715 to run task
[2024-04-11T14:52:00.543+0000] {task_command.py:426} INFO - Running <TaskInstance: dag_with_gg_bigquery_v03.load_csv_to_bigquery scheduled__2024-04-09T17:00:00+00:00 [running]> on host a4f2bd86ee13
[2024-04-11T14:52:00.603+0000] {taskinstance.py:2644} INFO - Exporting env vars: AIRFLOW_CTX_DAG_OWNER='duy' AIRFLOW_CTX_DAG_ID='dag_with_gg_bigquery_v03' AIRFLOW_CTX_TASK_ID='load_csv_to_bigquery' AIRFLOW_CTX_EXECUTION_DATE='2024-04-09T17:00:00+00:00' AIRFLOW_CTX_TRY_NUMBER='1' AIRFLOW_CTX_DAG_RUN_ID='scheduled__2024-04-09T17:00:00+00:00'
[2024-04-11T14:52:00.604+0000] {taskinstance.py:430} INFO - ::endgroup::
[2024-04-11T14:52:00.616+0000] {connection.py:274} WARNING - Connection schemes (type: google_cloud_platform) shall not contain '_' according to RFC3986.
[2024-04-11T14:52:00.616+0000] {base.py:84} INFO - Using connection ID 'gcp' for task execution.
[2024-04-11T14:52:00.617+0000] {gcs_to_bigquery.py:379} INFO - Using existing BigQuery table for storing data...
[2024-04-11T14:52:00.672+0000] {bigquery.py:2328} INFO - Project is not included in destination_project_dataset_table: retail.online_retail; using project "***-projecct"
[2024-04-11T14:52:00.673+0000] {gcs_to_bigquery.py:383} INFO - Executing: {'load': {'autodetect': True, 'createDisposition': 'CREATE_IF_NEEDED', 'destinationTable': {'projectId': '***-projecct', 'datasetId': 'retail', 'tableId': 'online_retail'}, 'sourceFormat': 'CSV', 'sourceUris': ['gs://***_online_retail_lab7/raw/online_retail.csv'], 'writeDisposition': 'WRITE_EMPTY', 'ignoreUnknownValues': False, 'skipLeadingRows': 1, 'fieldDelimiter': ',', 'quote': None, 'allowQuotedNewlines': False, 'encoding': 'UTF-8'}}
[2024-04-11T14:52:00.675+0000] {bigquery.py:1613} INFO - Inserting job ***_dag_with_gg_bigquery_v03_load_csv_to_bigquery_2024_04_09T17_00_00_00_00_2f66877b82da359c83aa219edecdd458
[2024-04-11T14:52:42.672+0000] {taskinstance.py:441} INFO - ::group::Post task execution logs
[2024-04-11T14:52:42.711+0000] {taskinstance.py:1205} INFO - Marking task as SUCCESS. dag_id=dag_with_gg_bigquery_v03, task_id=load_csv_to_bigquery, execution_date=20240409T170000, start_date=20240411T145200, end_date=20240411T145242
[2024-04-11T14:52:42.799+0000] {local_task_job_runner.py:240} INFO - Task exited with return code 0
[2024-04-11T14:52:42.816+0000] {taskinstance.py:3482} INFO - 0 downstream tasks scheduled from follow-on schedule check
[2024-04-11T14:52:42.817+0000] {local_task_job_runner.py:222} INFO - ::endgroup::
