[2024-04-11T15:14:20.007+0000] {local_task_job_runner.py:120} INFO - ::group::Pre task execution logs
[2024-04-11T15:14:20.044+0000] {taskinstance.py:2073} INFO - Dependencies all met for dep_context=non-requeueable deps ti=<TaskInstance: dag_with_gg_bigquery_v05.query_first_1000_rows scheduled__2024-04-09T17:00:00+00:00 [queued]>
[2024-04-11T15:14:20.065+0000] {taskinstance.py:2073} INFO - Dependencies all met for dep_context=requeueable deps ti=<TaskInstance: dag_with_gg_bigquery_v05.query_first_1000_rows scheduled__2024-04-09T17:00:00+00:00 [queued]>
[2024-04-11T15:14:20.066+0000] {taskinstance.py:2303} INFO - Starting attempt 1 of 2
[2024-04-11T15:14:20.082+0000] {taskinstance.py:2327} INFO - Executing <Task(BigQueryExecuteQueryOperator): query_first_1000_rows> on 2024-04-09 17:00:00+00:00
[2024-04-11T15:14:20.134+0000] {logging_mixin.py:188} WARNING - /home/***/.local/lib/python3.12/site-packages/***/task/task_runner/standard_task_runner.py:61 DeprecationWarning: This process (pid=5204) is multi-threaded, use of fork() may lead to deadlocks in the child.
[2024-04-11T15:14:20.141+0000] {standard_task_runner.py:63} INFO - Started process 5210 to run task
[2024-04-11T15:14:20.129+0000] {standard_task_runner.py:90} INFO - Running: ['***', 'tasks', 'run', 'dag_with_gg_bigquery_v05', 'query_first_1000_rows', 'scheduled__2024-04-09T17:00:00+00:00', '--job-id', '34', '--raw', '--subdir', 'DAGS_FOLDER/dag_with_gg_bigquery.py', '--cfg-path', '/tmp/tmpvrg2n1kc']
[2024-04-11T15:14:20.143+0000] {standard_task_runner.py:91} INFO - Job 34: Subtask query_first_1000_rows
[2024-04-11T15:14:20.250+0000] {task_command.py:426} INFO - Running <TaskInstance: dag_with_gg_bigquery_v05.query_first_1000_rows scheduled__2024-04-09T17:00:00+00:00 [running]> on host a4f2bd86ee13
[2024-04-11T15:14:20.465+0000] {taskinstance.py:2644} INFO - Exporting env vars: AIRFLOW_CTX_DAG_OWNER='duy' AIRFLOW_CTX_DAG_ID='dag_with_gg_bigquery_v05' AIRFLOW_CTX_TASK_ID='query_first_1000_rows' AIRFLOW_CTX_EXECUTION_DATE='2024-04-09T17:00:00+00:00' AIRFLOW_CTX_TRY_NUMBER='1' AIRFLOW_CTX_DAG_RUN_ID='scheduled__2024-04-09T17:00:00+00:00'
[2024-04-11T15:14:20.478+0000] {taskinstance.py:430} INFO - ::endgroup::
[2024-04-11T15:14:20.535+0000] {bigquery.py:1246} INFO - Executing: SELECT * FROM `retail.online_retail` LIMIT 1000
[2024-04-11T15:14:20.564+0000] {connection.py:274} WARNING - Connection schemes (type: google_cloud_platform) shall not contain '_' according to RFC3986.
[2024-04-11T15:14:20.568+0000] {base.py:84} INFO - Using connection ID 'gcp' for task execution.
[2024-04-11T15:14:20.577+0000] {logging_mixin.py:188} WARNING - /home/***/.local/lib/python3.12/site-packages/***/providers/google/cloud/operators/bigquery.py:1254 AirflowProviderDeprecationWarning: Call to deprecated method run_query. (Please use `***.providers.google.cloud.hooks.bigquery.BigQueryHook.insert_job`)
[2024-04-11T15:14:20.654+0000] {bigquery.py:1613} INFO - Inserting job ***_1712848460653355_6b6e25be5ac4985954eb63a44cd3dc35
[2024-04-11T15:14:22.485+0000] {taskinstance.py:441} INFO - ::group::Post task execution logs
[2024-04-11T15:14:22.508+0000] {taskinstance.py:1205} INFO - Marking task as SUCCESS. dag_id=dag_with_gg_bigquery_v05, task_id=query_first_1000_rows, execution_date=20240409T170000, start_date=20240411T151420, end_date=20240411T151422
[2024-04-11T15:14:22.543+0000] {local_task_job_runner.py:240} INFO - Task exited with return code 0
[2024-04-11T15:14:22.566+0000] {logging_mixin.py:188} WARNING - /home/***/.local/lib/python3.12/site-packages/***/models/baseoperator.py:1296 AirflowProviderDeprecationWarning: Call to deprecated class BigQueryExecuteQueryOperator. (This operator is deprecated. Please use `BigQueryInsertJobOperator`.)
[2024-04-11T15:14:22.580+0000] {taskinstance.py:3482} INFO - 0 downstream tasks scheduled from follow-on schedule check
[2024-04-11T15:14:22.582+0000] {local_task_job_runner.py:222} INFO - ::endgroup::
