[2024-04-11T17:50:59.386+0000] {local_task_job_runner.py:120} INFO - ::group::Pre task execution logs
[2024-04-11T17:50:59.496+0000] {taskinstance.py:2073} INFO - Dependencies all met for dep_context=non-requeueable deps ti=<TaskInstance: first_dag_v3.first_task scheduled__2024-01-22T00:00:00+00:00 [queued]>
[2024-04-11T17:50:59.544+0000] {taskinstance.py:2073} INFO - Dependencies all met for dep_context=requeueable deps ti=<TaskInstance: first_dag_v3.first_task scheduled__2024-01-22T00:00:00+00:00 [queued]>
[2024-04-11T17:50:59.550+0000] {taskinstance.py:2303} INFO - Starting attempt 1 of 6
[2024-04-11T17:50:59.685+0000] {taskinstance.py:2327} INFO - Executing <Task(BashOperator): first_task> on 2024-01-22 00:00:00+00:00
[2024-04-11T17:50:59.725+0000] {logging_mixin.py:188} WARNING - /home/***/.local/lib/python3.12/site-packages/***/task/task_runner/standard_task_runner.py:61 DeprecationWarning: This process (pid=383) is multi-threaded, use of fork() may lead to deadlocks in the child.
[2024-04-11T17:50:59.739+0000] {standard_task_runner.py:63} INFO - Started process 401 to run task
[2024-04-11T17:50:59.743+0000] {standard_task_runner.py:90} INFO - Running: ['***', 'tasks', 'run', 'first_dag_v3', 'first_task', 'scheduled__2024-01-22T00:00:00+00:00', '--job-id', '53', '--raw', '--subdir', 'DAGS_FOLDER/first_dag.py', '--cfg-path', '/tmp/tmpmu6dcc5r']
[2024-04-11T17:50:59.747+0000] {standard_task_runner.py:91} INFO - Job 53: Subtask first_task
[2024-04-11T17:50:59.996+0000] {task_command.py:426} INFO - Running <TaskInstance: first_dag_v3.first_task scheduled__2024-01-22T00:00:00+00:00 [running]> on host caed5d205145
[2024-04-11T17:51:00.650+0000] {taskinstance.py:2644} INFO - Exporting env vars: AIRFLOW_CTX_DAG_OWNER='duy' AIRFLOW_CTX_DAG_ID='first_dag_v3' AIRFLOW_CTX_TASK_ID='first_task' AIRFLOW_CTX_EXECUTION_DATE='2024-01-22T00:00:00+00:00' AIRFLOW_CTX_TRY_NUMBER='1' AIRFLOW_CTX_DAG_RUN_ID='scheduled__2024-01-22T00:00:00+00:00'
[2024-04-11T17:51:00.652+0000] {taskinstance.py:430} INFO - ::endgroup::
[2024-04-11T17:51:00.715+0000] {subprocess.py:63} INFO - Tmp dir root location: /tmp
[2024-04-11T17:51:00.716+0000] {subprocess.py:75} INFO - Running command: ['/usr/bin/bash', '-c', 'echo "Hello everyone! This is my first DAG in Airflow"']
[2024-04-11T17:51:00.756+0000] {subprocess.py:86} INFO - Output:
[2024-04-11T17:51:00.759+0000] {subprocess.py:93} INFO - Hello everyone! This is my first DAG in Airflow
[2024-04-11T17:51:00.760+0000] {subprocess.py:97} INFO - Command exited with return code 0
[2024-04-11T17:51:00.761+0000] {taskinstance.py:441} INFO - ::group::Post task execution logs
[2024-04-11T17:51:00.814+0000] {taskinstance.py:1205} INFO - Marking task as SUCCESS. dag_id=first_dag_v3, task_id=first_task, execution_date=20240122T000000, start_date=20240411T175059, end_date=20240411T175100
[2024-04-11T17:51:00.842+0000] {local_task_job_runner.py:240} INFO - Task exited with return code 0
[2024-04-11T17:51:00.882+0000] {taskinstance.py:3482} INFO - 2 downstream tasks scheduled from follow-on schedule check
[2024-04-11T17:51:00.915+0000] {local_task_job_runner.py:222} INFO - ::endgroup::
