[2024-04-11T16:52:25.435+0000] {local_task_job_runner.py:120} INFO - ::group::Pre task execution logs
[2024-04-11T16:52:25.457+0000] {taskinstance.py:2073} INFO - Dependencies all met for dep_context=non-requeueable deps ti=<TaskInstance: 22655381_DAG2_v01.create_table scheduled__2024-04-11T16:50:00+00:00 [queued]>
[2024-04-11T16:52:25.461+0000] {taskinstance.py:2073} INFO - Dependencies all met for dep_context=requeueable deps ti=<TaskInstance: 22655381_DAG2_v01.create_table scheduled__2024-04-11T16:50:00+00:00 [queued]>
[2024-04-11T16:52:25.461+0000] {taskinstance.py:2303} INFO - Starting attempt 2 of 3
[2024-04-11T16:52:25.467+0000] {taskinstance.py:2327} INFO - Executing <Task(PostgresOperator): create_table> on 2024-04-11 16:50:00+00:00
[2024-04-11T16:52:25.478+0000] {logging_mixin.py:188} WARNING - /home/***/.local/lib/python3.12/site-packages/***/task/task_runner/standard_task_runner.py:61 DeprecationWarning: This process (pid=2255) is multi-threaded, use of fork() may lead to deadlocks in the child.
[2024-04-11T16:52:25.479+0000] {standard_task_runner.py:63} INFO - Started process 2258 to run task
[2024-04-11T16:52:25.479+0000] {standard_task_runner.py:90} INFO - Running: ['***', 'tasks', 'run', '22655381_DAG2_v01', 'create_table', 'scheduled__2024-04-11T16:50:00+00:00', '--job-id', '36', '--raw', '--subdir', 'DAGS_FOLDER/dag_exercise.py', '--cfg-path', '/tmp/tmpmlyqu8ps']
[2024-04-11T16:52:25.481+0000] {standard_task_runner.py:91} INFO - Job 36: Subtask create_table
[2024-04-11T16:52:25.564+0000] {task_command.py:426} INFO - Running <TaskInstance: 22655381_DAG2_v01.create_table scheduled__2024-04-11T16:50:00+00:00 [running]> on host 51938eebcb2b
[2024-04-11T16:52:25.685+0000] {taskinstance.py:2644} INFO - Exporting env vars: AIRFLOW_CTX_DAG_OWNER='Le Van Duy' AIRFLOW_CTX_DAG_ID='22655381_DAG2_v01' AIRFLOW_CTX_TASK_ID='create_table' AIRFLOW_CTX_EXECUTION_DATE='2024-04-11T16:50:00+00:00' AIRFLOW_CTX_TRY_NUMBER='2' AIRFLOW_CTX_DAG_RUN_ID='scheduled__2024-04-11T16:50:00+00:00'
[2024-04-11T16:52:25.687+0000] {taskinstance.py:430} INFO - ::endgroup::
[2024-04-11T16:52:25.688+0000] {sql.py:276} INFO - Executing: CREATE TABLE IF NOT EXISTS online_retail (
            InvoiceNo VARCHAR(10),
            StockCode VARCHAR(10),
            Description TEXT,
            Quantity INT,
            InvoiceDate TIMESTAMP,
            UnitPrice FLOAT,
            CustomerID INT,
            Country VARCHAR(50)
        )
[2024-04-11T16:52:25.701+0000] {base.py:84} INFO - Using connection ID 'postgres_localhost' for task execution.
[2024-04-11T16:52:25.721+0000] {base.py:84} INFO - Using connection ID 'postgres_localhost' for task execution.
[2024-04-11T16:52:25.750+0000] {taskinstance.py:441} INFO - ::group::Post task execution logs
[2024-04-11T16:52:25.751+0000] {taskinstance.py:2890} ERROR - Task failed with exception
Traceback (most recent call last):
  File "/home/airflow/.local/lib/python3.12/site-packages/airflow/models/taskinstance.py", line 465, in _execute_task
    result = _execute_callable(context=context, **execute_callable_kwargs)
             ^^^^^^^^^^^^^^^^^^^^^^^^^^^^^^^^^^^^^^^^^^^^^^^^^^^^^^^^^^^^^
  File "/home/airflow/.local/lib/python3.12/site-packages/airflow/models/taskinstance.py", line 432, in _execute_callable
    return execute_callable(context=context, **execute_callable_kwargs)
           ^^^^^^^^^^^^^^^^^^^^^^^^^^^^^^^^^^^^^^^^^^^^^^^^^^^^^^^^^^^^
  File "/home/airflow/.local/lib/python3.12/site-packages/airflow/models/baseoperator.py", line 400, in wrapper
    return func(self, *args, **kwargs)
           ^^^^^^^^^^^^^^^^^^^^^^^^^^^
  File "/home/airflow/.local/lib/python3.12/site-packages/airflow/providers/common/sql/operators/sql.py", line 282, in execute
    output = hook.run(
             ^^^^^^^^^
  File "/home/airflow/.local/lib/python3.12/site-packages/airflow/providers/common/sql/hooks/sql.py", line 397, in run
    with closing(self.get_conn()) as conn:
                 ^^^^^^^^^^^^^^^
  File "/home/airflow/.local/lib/python3.12/site-packages/airflow/providers/postgres/hooks/postgres.py", line 161, in get_conn
    self.conn = psycopg2.connect(**conn_args)
                ^^^^^^^^^^^^^^^^^^^^^^^^^^^^^
  File "/home/airflow/.local/lib/python3.12/site-packages/psycopg2/__init__.py", line 122, in connect
    conn = _connect(dsn, connection_factory=connection_factory, **kwasync)
           ^^^^^^^^^^^^^^^^^^^^^^^^^^^^^^^^^^^^^^^^^^^^^^^^^^^^^^^^^^^^^^^
psycopg2.OperationalError: connection to server at "host.docker.internal" (198.19.248.254), port 5432 failed: FATAL:  database "lab7" does not exist

[2024-04-11T16:52:25.760+0000] {taskinstance.py:1205} INFO - Marking task as UP_FOR_RETRY. dag_id=22655381_DAG2_v01, task_id=create_table, execution_date=20240411T165000, start_date=20240411T165225, end_date=20240411T165225
[2024-04-11T16:52:25.768+0000] {standard_task_runner.py:110} ERROR - Failed to execute job 36 for task create_table (connection to server at "host.docker.internal" (198.19.248.254), port 5432 failed: FATAL:  database "lab7" does not exist
; 2258)
[2024-04-11T16:52:25.794+0000] {local_task_job_runner.py:240} INFO - Task exited with return code 1
[2024-04-11T16:52:25.816+0000] {logging_mixin.py:188} WARNING - /home/***/.local/lib/python3.12/site-packages/***/models/baseoperator.py:1296 AirflowProviderDeprecationWarning: Call to deprecated class PostgresOperator. (Please use `***.providers.common.sql.operators.sql.SQLExecuteQueryOperator`.Also, you can provide `hook_params={'schema': <database>}`.)
[2024-04-11T16:52:25.856+0000] {taskinstance.py:3482} INFO - 0 downstream tasks scheduled from follow-on schedule check
[2024-04-11T16:52:25.860+0000] {local_task_job_runner.py:222} INFO - ::endgroup::
